{"/Users/jacopoconsolaro/Desktop/Progetto_ISW/Ingegneria_del_software_gruppo_8/SecuriTrento_BE/app.ts": {"path":"/Users/jacopoconsolaro/Desktop/Progetto_ISW/Ingegneria_del_software_gruppo_8/SecuriTrento_BE/app.ts","statementMap":{"0":{"start":{"line":15,"column":0},"end":{"line":15,"column":16}},"1":{"start":{"line":16,"column":20},"end":{"line":16,"column":87}},"2":{"start":{"line":18,"column":0},"end":{"line":20,"column":70}},"3":{"start":{"line":19,"column":15},"end":{"line":19,"column":63}},"4":{"start":{"line":20,"column":15},"end":{"line":20,"column":68}},"5":{"start":{"line":22,"column":12},"end":{"line":22,"column":21}},"6":{"start":{"line":23,"column":0},"end":{"line":23,"column":16}},"7":{"start":{"line":24,"column":0},"end":{"line":24,"column":24}},"8":{"start":{"line":26,"column":0},"end":{"line":26,"column":37}},"9":{"start":{"line":27,"column":0},"end":{"line":27,"column":62}},"10":{"start":{"line":28,"column":0},"end":{"line":28,"column":68}},"11":{"start":{"line":29,"column":0},"end":{"line":29,"column":44}},"12":{"start":{"line":30,"column":0},"end":{"line":30,"column":61}},"13":{"start":{"line":31,"column":0},"end":{"line":31,"column":80}},"14":{"start":{"line":33,"column":0},"end":{"line":36,"column":3}},"15":{"start":{"line":34,"column":2},"end":{"line":34,"column":45}},"16":{"start":{"line":35,"column":2},"end":{"line":35,"column":83}}},"fnMap":{"0":{"name":"(anonymous_0)","decl":{"start":{"line":19,"column":9},"end":{"line":19,"column":10}},"loc":{"start":{"line":19,"column":15},"end":{"line":19,"column":63}},"line":19},"1":{"name":"(anonymous_1)","decl":{"start":{"line":20,"column":10},"end":{"line":20,"column":11}},"loc":{"start":{"line":20,"column":15},"end":{"line":20,"column":68}},"line":20},"2":{"name":"(anonymous_2)","decl":{"start":{"line":33,"column":17},"end":{"line":33,"column":18}},"loc":{"start":{"line":33,"column":23},"end":{"line":36,"column":1}},"line":33}},"branchMap":{"0":{"loc":{"start":{"line":16,"column":20},"end":{"line":16,"column":87}},"type":"binary-expr","locations":[{"start":{"line":16,"column":20},"end":{"line":16,"column":43}},{"start":{"line":16,"column":47},"end":{"line":16,"column":87}}],"line":16}},"s":{"0":1,"1":1,"2":1,"3":0,"4":0,"5":1,"6":1,"7":1,"8":1,"9":1,"10":1,"11":1,"12":1,"13":1,"14":1,"15":1,"16":1},"f":{"0":0,"1":0,"2":1},"b":{"0":[1,0]},"_coverageSchema":"1a1c01bbd47fc00a2c39e90264f33305004495a9","hash":"3f60c02ecd84330bb4688df7f1979c459a5d1c7b"}
,"/Users/jacopoconsolaro/Desktop/Progetto_ISW/Ingegneria_del_software_gruppo_8/SecuriTrento_BE/config/swaggerConfig.ts": {"path":"/Users/jacopoconsolaro/Desktop/Progetto_ISW/Ingegneria_del_software_gruppo_8/SecuriTrento_BE/config/swaggerConfig.ts","statementMap":{"0":{"start":{"line":3,"column":26},"end":{"line":35,"column":1}},"1":{"start":{"line":37,"column":16},"end":{"line":43,"column":1}},"2":{"start":{"line":45,"column":20},"end":{"line":45,"column":41}}},"fnMap":{},"branchMap":{},"s":{"0":1,"1":1,"2":1},"f":{},"b":{},"_coverageSchema":"1a1c01bbd47fc00a2c39e90264f33305004495a9","hash":"d5f209328d7be36ade2887aa7612bafd71bb1662"}
,"/Users/jacopoconsolaro/Desktop/Progetto_ISW/Ingegneria_del_software_gruppo_8/SecuriTrento_BE/controllers/controllerAutenticazione.ts": {"path":"/Users/jacopoconsolaro/Desktop/Progetto_ISW/Ingegneria_del_software_gruppo_8/SecuriTrento_BE/controllers/controllerAutenticazione.ts","statementMap":{"0":{"start":{"line":7,"column":0},"end":{"line":7,"column":16}},"1":{"start":{"line":9,"column":30},"end":{"line":44,"column":1}},"2":{"start":{"line":10,"column":35},"end":{"line":10,"column":43}},"3":{"start":{"line":12,"column":4},"end":{"line":43,"column":5}},"4":{"start":{"line":13,"column":23},"end":{"line":13,"column":72}},"5":{"start":{"line":14,"column":8},"end":{"line":16,"column":9}},"6":{"start":{"line":15,"column":12},"end":{"line":15,"column":75}},"7":{"start":{"line":18,"column":8},"end":{"line":20,"column":9}},"8":{"start":{"line":19,"column":12},"end":{"line":19,"column":75}},"9":{"start":{"line":22,"column":32},"end":{"line":22,"column":79}},"10":{"start":{"line":23,"column":8},"end":{"line":25,"column":9}},"11":{"start":{"line":24,"column":12},"end":{"line":24,"column":72}},"12":{"start":{"line":27,"column":22},"end":{"line":31,"column":9}},"13":{"start":{"line":33,"column":8},"end":{"line":37,"column":11}},"14":{"start":{"line":39,"column":8},"end":{"line":42,"column":11}}},"fnMap":{"0":{"name":"(anonymous_0)","decl":{"start":{"line":9,"column":30},"end":{"line":9,"column":31}},"loc":{"start":{"line":9,"column":50},"end":{"line":44,"column":1}},"line":9}},"branchMap":{"0":{"loc":{"start":{"line":14,"column":8},"end":{"line":16,"column":9}},"type":"if","locations":[{"start":{"line":14,"column":8},"end":{"line":16,"column":9}},{"start":{},"end":{}}],"line":14},"1":{"loc":{"start":{"line":18,"column":8},"end":{"line":20,"column":9}},"type":"if","locations":[{"start":{"line":18,"column":8},"end":{"line":20,"column":9}},{"start":{},"end":{}}],"line":18},"2":{"loc":{"start":{"line":23,"column":8},"end":{"line":25,"column":9}},"type":"if","locations":[{"start":{"line":23,"column":8},"end":{"line":25,"column":9}},{"start":{},"end":{}}],"line":23}},"s":{"0":1,"1":1,"2":0,"3":0,"4":0,"5":0,"6":0,"7":0,"8":0,"9":0,"10":0,"11":0,"12":0,"13":0,"14":0},"f":{"0":0},"b":{"0":[0,0],"1":[0,0],"2":[0,0]},"_coverageSchema":"1a1c01bbd47fc00a2c39e90264f33305004495a9","hash":"1b3e4aca3355fea1fcc1f3f65e5cdde2a0771805"}
,"/Users/jacopoconsolaro/Desktop/Progetto_ISW/Ingegneria_del_software_gruppo_8/SecuriTrento_BE/controllers/controllerNotifiche.ts": {"path":"/Users/jacopoconsolaro/Desktop/Progetto_ISW/Ingegneria_del_software_gruppo_8/SecuriTrento_BE/controllers/controllerNotifiche.ts","statementMap":{"0":{"start":{"line":9,"column":44},"end":{"line":72,"column":1}},"1":{"start":{"line":10,"column":4},"end":{"line":71,"column":5}},"2":{"start":{"line":11,"column":8},"end":{"line":11,"column":114}},"3":{"start":{"line":14,"column":26},"end":{"line":14,"column":67}},"4":{"start":{"line":16,"column":35},"end":{"line":29,"column":10}},"5":{"start":{"line":31,"column":8},"end":{"line":33,"column":9}},"6":{"start":{"line":32,"column":12},"end":{"line":32,"column":68}},"7":{"start":{"line":36,"column":32},"end":{"line":36,"column":66}},"8":{"start":{"line":36,"column":60},"end":{"line":36,"column":65}},"9":{"start":{"line":37,"column":35},"end":{"line":40,"column":10}},"10":{"start":{"line":42,"column":42},"end":{"line":42,"column":98}},"11":{"start":{"line":42,"column":70},"end":{"line":42,"column":97}},"12":{"start":{"line":43,"column":41},"end":{"line":45,"column":9}},"13":{"start":{"line":44,"column":17},"end":{"line":44,"column":70}},"14":{"start":{"line":47,"column":38},"end":{"line":47,"column":40}},"15":{"start":{"line":48,"column":8},"end":{"line":59,"column":9}},"16":{"start":{"line":49,"column":29},"end":{"line":54,"column":14}},"17":{"start":{"line":56,"column":12},"end":{"line":56,"column":42}},"18":{"start":{"line":58,"column":26},"end":{"line":58,"column":104}},"19":{"start":{"line":61,"column":8},"end":{"line":66,"column":10}},"20":{"start":{"line":69,"column":8},"end":{"line":69,"column":63}},"21":{"start":{"line":70,"column":8},"end":{"line":70,"column":86}},"22":{"start":{"line":74,"column":40},"end":{"line":192,"column":1}},"23":{"start":{"line":75,"column":4},"end":{"line":191,"column":5}},"24":{"start":{"line":76,"column":41},"end":{"line":76,"column":51}},"25":{"start":{"line":77,"column":57},"end":{"line":77,"column":66}},"26":{"start":{"line":79,"column":8},"end":{"line":84,"column":9}},"27":{"start":{"line":80,"column":12},"end":{"line":83,"column":15}},"28":{"start":{"line":86,"column":8},"end":{"line":91,"column":9}},"29":{"start":{"line":87,"column":12},"end":{"line":90,"column":15}},"30":{"start":{"line":94,"column":25},"end":{"line":94,"column":51}},"31":{"start":{"line":95,"column":8},"end":{"line":101,"column":9}},"32":{"start":{"line":96,"column":12},"end":{"line":100,"column":15}},"33":{"start":{"line":104,"column":32},"end":{"line":104,"column":104}},"34":{"start":{"line":106,"column":8},"end":{"line":113,"column":9}},"35":{"start":{"line":107,"column":12},"end":{"line":107,"column":71}},"36":{"start":{"line":108,"column":12},"end":{"line":112,"column":15}},"37":{"start":{"line":115,"column":8},"end":{"line":182,"column":9}},"38":{"start":{"line":117,"column":39},"end":{"line":117,"column":40}},"39":{"start":{"line":118,"column":38},"end":{"line":118,"column":43}},"40":{"start":{"line":119,"column":33},"end":{"line":119,"column":37}},"41":{"start":{"line":120,"column":35},"end":{"line":120,"column":43}},"42":{"start":{"line":123,"column":12},"end":{"line":141,"column":13}},"43":{"start":{"line":124,"column":16},"end":{"line":124,"column":43}},"44":{"start":{"line":126,"column":43},"end":{"line":130,"column":17}},"45":{"start":{"line":132,"column":16},"end":{"line":132,"column":64}},"46":{"start":{"line":133,"column":16},"end":{"line":133,"column":66}},"47":{"start":{"line":134,"column":16},"end":{"line":134,"column":61}},"48":{"start":{"line":137,"column":19},"end":{"line":141,"column":13}},"49":{"start":{"line":138,"column":16},"end":{"line":138,"column":111}},"50":{"start":{"line":140,"column":16},"end":{"line":140,"column":113}},"51":{"start":{"line":143,"column":30},"end":{"line":150,"column":40}},"52":{"start":{"line":152,"column":53},"end":{"line":152,"column":96}},"53":{"start":{"line":154,"column":12},"end":{"line":175,"column":15}},"54":{"start":{"line":177,"column":12},"end":{"line":181,"column":15}},"55":{"start":{"line":185,"column":8},"end":{"line":185,"column":63}},"56":{"start":{"line":186,"column":8},"end":{"line":190,"column":11}},"57":{"start":{"line":194,"column":35},"end":{"line":229,"column":1}},"58":{"start":{"line":195,"column":4},"end":{"line":228,"column":5}},"59":{"start":{"line":196,"column":32},"end":{"line":198,"column":9}},"60":{"start":{"line":197,"column":12},"end":{"line":197,"column":66}},"61":{"start":{"line":200,"column":8},"end":{"line":200,"column":89}},"62":{"start":{"line":202,"column":37},"end":{"line":204,"column":17}},"63":{"start":{"line":206,"column":32},"end":{"line":206,"column":41}},"64":{"start":{"line":207,"column":8},"end":{"line":209,"column":11}},"65":{"start":{"line":208,"column":12},"end":{"line":208,"column":75}},"66":{"start":{"line":212,"column":36},"end":{"line":220,"column":10}},"67":{"start":{"line":213,"column":35},"end":{"line":213,"column":89}},"68":{"start":{"line":214,"column":41},"end":{"line":214,"column":87}},"69":{"start":{"line":216,"column":12},"end":{"line":219,"column":14}},"70":{"start":{"line":222,"column":8},"end":{"line":222,"column":35}},"71":{"start":{"line":225,"column":8},"end":{"line":225,"column":76}},"72":{"start":{"line":227,"column":8},"end":{"line":227,"column":85}},"73":{"start":{"line":227,"column":35},"end":{"line":227,"column":82}},"74":{"start":{"line":231,"column":49},"end":{"line":279,"column":1}},"75":{"start":{"line":232,"column":4},"end":{"line":278,"column":5}},"76":{"start":{"line":233,"column":29},"end":{"line":233,"column":77}},"77":{"start":{"line":234,"column":8},"end":{"line":237,"column":9}},"78":{"start":{"line":235,"column":12},"end":{"line":235,"column":71}},"79":{"start":{"line":236,"column":12},"end":{"line":236,"column":22}},"80":{"start":{"line":240,"column":26},"end":{"line":248,"column":10}},"81":{"start":{"line":251,"column":39},"end":{"line":251,"column":41}},"82":{"start":{"line":252,"column":8},"end":{"line":271,"column":9}},"83":{"start":{"line":254,"column":38},"end":{"line":257,"column":14}},"84":{"start":{"line":259,"column":12},"end":{"line":270,"column":13}},"85":{"start":{"line":260,"column":33},"end":{"line":265,"column":18}},"86":{"start":{"line":266,"column":16},"end":{"line":266,"column":47}},"87":{"start":{"line":267,"column":16},"end":{"line":267,"column":82}},"88":{"start":{"line":269,"column":16},"end":{"line":269,"column":89}},"89":{"start":{"line":273,"column":8},"end":{"line":273,"column":31}},"90":{"start":{"line":276,"column":8},"end":{"line":276,"column":83}},"91":{"start":{"line":277,"column":8},"end":{"line":277,"column":18}},"92":{"start":{"line":281,"column":56},"end":{"line":312,"column":1}},"93":{"start":{"line":282,"column":4},"end":{"line":311,"column":5}},"94":{"start":{"line":284,"column":26},"end":{"line":284,"column":79}},"95":{"start":{"line":285,"column":8},"end":{"line":285,"column":74}},"96":{"start":{"line":286,"column":8},"end":{"line":289,"column":9}},"97":{"start":{"line":287,"column":12},"end":{"line":287,"column":79}},"98":{"start":{"line":288,"column":12},"end":{"line":288,"column":24}},"99":{"start":{"line":291,"column":34},"end":{"line":293,"column":10}},"100":{"start":{"line":295,"column":8},"end":{"line":298,"column":9}},"101":{"start":{"line":296,"column":12},"end":{"line":296,"column":93}},"102":{"start":{"line":297,"column":12},"end":{"line":297,"column":37}},"103":{"start":{"line":301,"column":53},"end":{"line":305,"column":10}},"104":{"start":{"line":307,"column":8},"end":{"line":307,"column":52}},"105":{"start":{"line":309,"column":8},"end":{"line":309,"column":91}},"106":{"start":{"line":310,"column":8},"end":{"line":310,"column":20}},"107":{"start":{"line":314,"column":56},"end":{"line":395,"column":1}},"108":{"start":{"line":315,"column":4},"end":{"line":394,"column":5}},"109":{"start":{"line":316,"column":22},"end":{"line":316,"column":43}},"110":{"start":{"line":318,"column":8},"end":{"line":323,"column":9}},"111":{"start":{"line":319,"column":12},"end":{"line":322,"column":15}},"112":{"start":{"line":325,"column":34},"end":{"line":328,"column":19}},"113":{"start":{"line":330,"column":8},"end":{"line":337,"column":9}},"114":{"start":{"line":331,"column":12},"end":{"line":336,"column":15}},"115":{"start":{"line":339,"column":36},"end":{"line":379,"column":9}},"116":{"start":{"line":341,"column":16},"end":{"line":377,"column":17}},"117":{"start":{"line":342,"column":41},"end":{"line":342,"column":45}},"118":{"start":{"line":343,"column":20},"end":{"line":348,"column":21}},"119":{"start":{"line":344,"column":24},"end":{"line":347,"column":36}},"120":{"start":{"line":350,"column":52},"end":{"line":350,"column":56}},"121":{"start":{"line":351,"column":20},"end":{"line":356,"column":21}},"122":{"start":{"line":352,"column":24},"end":{"line":354,"column":36}},"123":{"start":{"line":358,"column":20},"end":{"line":365,"column":22}},"124":{"start":{"line":368,"column":20},"end":{"line":376,"column":22}},"125":{"start":{"line":381,"column":8},"end":{"line":386,"column":11}},"126":{"start":{"line":389,"column":8},"end":{"line":393,"column":11}}},"fnMap":{"0":{"name":"(anonymous_0)","decl":{"start":{"line":9,"column":44},"end":{"line":9,"column":45}},"loc":{"start":{"line":9,"column":127},"end":{"line":72,"column":1}},"line":9},"1":{"name":"(anonymous_1)","decl":{"start":{"line":36,"column":55},"end":{"line":36,"column":56}},"loc":{"start":{"line":36,"column":60},"end":{"line":36,"column":65}},"line":36},"2":{"name":"(anonymous_2)","decl":{"start":{"line":42,"column":65},"end":{"line":42,"column":66}},"loc":{"start":{"line":42,"column":70},"end":{"line":42,"column":97}},"line":42},"3":{"name":"(anonymous_3)","decl":{"start":{"line":44,"column":12},"end":{"line":44,"column":13}},"loc":{"start":{"line":44,"column":17},"end":{"line":44,"column":70}},"line":44},"4":{"name":"(anonymous_4)","decl":{"start":{"line":74,"column":40},"end":{"line":74,"column":41}},"loc":{"start":{"line":74,"column":60},"end":{"line":192,"column":1}},"line":74},"5":{"name":"(anonymous_5)","decl":{"start":{"line":194,"column":35},"end":{"line":194,"column":36}},"loc":{"start":{"line":194,"column":79},"end":{"line":229,"column":1}},"line":194},"6":{"name":"(anonymous_6)","decl":{"start":{"line":196,"column":46},"end":{"line":196,"column":47}},"loc":{"start":{"line":197,"column":12},"end":{"line":197,"column":66}},"line":197},"7":{"name":"(anonymous_7)","decl":{"start":{"line":207,"column":37},"end":{"line":207,"column":38}},"loc":{"start":{"line":207,"column":53},"end":{"line":209,"column":9}},"line":207},"8":{"name":"(anonymous_8)","decl":{"start":{"line":212,"column":50},"end":{"line":212,"column":51}},"loc":{"start":{"line":212,"column":62},"end":{"line":220,"column":9}},"line":212},"9":{"name":"(anonymous_9)","decl":{"start":{"line":227,"column":29},"end":{"line":227,"column":30}},"loc":{"start":{"line":227,"column":35},"end":{"line":227,"column":82}},"line":227},"10":{"name":"(anonymous_10)","decl":{"start":{"line":231,"column":49},"end":{"line":231,"column":50}},"loc":{"start":{"line":231,"column":83},"end":{"line":279,"column":1}},"line":231},"11":{"name":"(anonymous_11)","decl":{"start":{"line":281,"column":56},"end":{"line":281,"column":57}},"loc":{"start":{"line":281,"column":102},"end":{"line":312,"column":1}},"line":281},"12":{"name":"(anonymous_12)","decl":{"start":{"line":314,"column":56},"end":{"line":314,"column":57}},"loc":{"start":{"line":314,"column":76},"end":{"line":395,"column":1}},"line":314},"13":{"name":"(anonymous_13)","decl":{"start":{"line":340,"column":34},"end":{"line":340,"column":35}},"loc":{"start":{"line":340,"column":54},"end":{"line":378,"column":13}},"line":340}},"branchMap":{"0":{"loc":{"start":{"line":9,"column":101},"end":{"line":9,"column":122}},"type":"default-arg","locations":[{"start":{"line":9,"column":118},"end":{"line":9,"column":122}}],"line":9},"1":{"loc":{"start":{"line":31,"column":8},"end":{"line":33,"column":9}},"type":"if","locations":[{"start":{"line":31,"column":8},"end":{"line":33,"column":9}},{"start":{},"end":{}}],"line":31},"2":{"loc":{"start":{"line":77,"column":16},"end":{"line":77,"column":35}},"type":"default-arg","locations":[{"start":{"line":77,"column":28},"end":{"line":77,"column":35}}],"line":77},"3":{"loc":{"start":{"line":77,"column":37},"end":{"line":77,"column":52}},"type":"default-arg","locations":[{"start":{"line":77,"column":46},"end":{"line":77,"column":52}}],"line":77},"4":{"loc":{"start":{"line":79,"column":8},"end":{"line":84,"column":9}},"type":"if","locations":[{"start":{"line":79,"column":8},"end":{"line":84,"column":9}},{"start":{},"end":{}}],"line":79},"5":{"loc":{"start":{"line":86,"column":8},"end":{"line":91,"column":9}},"type":"if","locations":[{"start":{"line":86,"column":8},"end":{"line":91,"column":9}},{"start":{},"end":{}}],"line":86},"6":{"loc":{"start":{"line":95,"column":8},"end":{"line":101,"column":9}},"type":"if","locations":[{"start":{"line":95,"column":8},"end":{"line":101,"column":9}},{"start":{},"end":{}}],"line":95},"7":{"loc":{"start":{"line":95,"column":12},"end":{"line":95,"column":64}},"type":"binary-expr","locations":[{"start":{"line":95,"column":12},"end":{"line":95,"column":27}},{"start":{"line":95,"column":31},"end":{"line":95,"column":44}},{"start":{"line":95,"column":48},"end":{"line":95,"column":64}}],"line":95},"8":{"loc":{"start":{"line":106,"column":8},"end":{"line":113,"column":9}},"type":"if","locations":[{"start":{"line":106,"column":8},"end":{"line":113,"column":9}},{"start":{},"end":{}}],"line":106},"9":{"loc":{"start":{"line":115,"column":8},"end":{"line":182,"column":9}},"type":"if","locations":[{"start":{"line":115,"column":8},"end":{"line":182,"column":9}},{"start":{"line":176,"column":15},"end":{"line":182,"column":9}}],"line":115},"10":{"loc":{"start":{"line":123,"column":12},"end":{"line":141,"column":13}},"type":"if","locations":[{"start":{"line":123,"column":12},"end":{"line":141,"column":13}},{"start":{"line":137,"column":19},"end":{"line":141,"column":13}}],"line":123},"11":{"loc":{"start":{"line":123,"column":16},"end":{"line":123,"column":69}},"type":"binary-expr","locations":[{"start":{"line":123,"column":16},"end":{"line":123,"column":36}},{"start":{"line":123,"column":40},"end":{"line":123,"column":69}}],"line":123},"12":{"loc":{"start":{"line":133,"column":33},"end":{"line":133,"column":65}},"type":"binary-expr","locations":[{"start":{"line":133,"column":33},"end":{"line":133,"column":57}},{"start":{"line":133,"column":61},"end":{"line":133,"column":65}}],"line":133},"13":{"loc":{"start":{"line":137,"column":19},"end":{"line":141,"column":13}},"type":"if","locations":[{"start":{"line":137,"column":19},"end":{"line":141,"column":13}},{"start":{"line":139,"column":19},"end":{"line":141,"column":13}}],"line":137},"14":{"loc":{"start":{"line":137,"column":23},"end":{"line":137,"column":77}},"type":"binary-expr","locations":[{"start":{"line":137,"column":23},"end":{"line":137,"column":43}},{"start":{"line":137,"column":47},"end":{"line":137,"column":77}}],"line":137},"15":{"loc":{"start":{"line":170,"column":25},"end":{"line":174,"column":139}},"type":"cond-expr","locations":[{"start":{"line":171,"column":22},"end":{"line":173,"column":136}},{"start":{"line":174,"column":22},"end":{"line":174,"column":139}}],"line":170},"16":{"loc":{"start":{"line":171,"column":22},"end":{"line":173,"column":136}},"type":"cond-expr","locations":[{"start":{"line":172,"column":26},"end":{"line":172,"column":183}},{"start":{"line":173,"column":26},"end":{"line":173,"column":136}}],"line":171},"17":{"loc":{"start":{"line":197,"column":12},"end":{"line":197,"column":66}},"type":"binary-expr","locations":[{"start":{"line":197,"column":12},"end":{"line":197,"column":39}},{"start":{"line":197,"column":43},"end":{"line":197,"column":66}}],"line":197},"18":{"loc":{"start":{"line":213,"column":35},"end":{"line":213,"column":89}},"type":"binary-expr","locations":[{"start":{"line":213,"column":35},"end":{"line":213,"column":62}},{"start":{"line":213,"column":66},"end":{"line":213,"column":89}}],"line":213},"19":{"loc":{"start":{"line":218,"column":38},"end":{"line":218,"column":66}},"type":"binary-expr","locations":[{"start":{"line":218,"column":38},"end":{"line":218,"column":58}},{"start":{"line":218,"column":62},"end":{"line":218,"column":66}}],"line":218},"20":{"loc":{"start":{"line":234,"column":8},"end":{"line":237,"column":9}},"type":"if","locations":[{"start":{"line":234,"column":8},"end":{"line":237,"column":9}},{"start":{},"end":{}}],"line":234},"21":{"loc":{"start":{"line":234,"column":12},"end":{"line":234,"column":56}},"type":"binary-expr","locations":[{"start":{"line":234,"column":12},"end":{"line":234,"column":25}},{"start":{"line":234,"column":29},"end":{"line":234,"column":56}}],"line":234},"22":{"loc":{"start":{"line":259,"column":12},"end":{"line":270,"column":13}},"type":"if","locations":[{"start":{"line":259,"column":12},"end":{"line":270,"column":13}},{"start":{"line":268,"column":19},"end":{"line":270,"column":13}}],"line":259},"23":{"loc":{"start":{"line":286,"column":8},"end":{"line":289,"column":9}},"type":"if","locations":[{"start":{"line":286,"column":8},"end":{"line":289,"column":9}},{"start":{},"end":{}}],"line":286},"24":{"loc":{"start":{"line":295,"column":8},"end":{"line":298,"column":9}},"type":"if","locations":[{"start":{"line":295,"column":8},"end":{"line":298,"column":9}},{"start":{},"end":{}}],"line":295},"25":{"loc":{"start":{"line":318,"column":8},"end":{"line":323,"column":9}},"type":"if","locations":[{"start":{"line":318,"column":8},"end":{"line":323,"column":9}},{"start":{},"end":{}}],"line":318},"26":{"loc":{"start":{"line":330,"column":8},"end":{"line":337,"column":9}},"type":"if","locations":[{"start":{"line":330,"column":8},"end":{"line":337,"column":9}},{"start":{},"end":{}}],"line":330},"27":{"loc":{"start":{"line":343,"column":20},"end":{"line":348,"column":21}},"type":"if","locations":[{"start":{"line":343,"column":20},"end":{"line":348,"column":21}},{"start":{},"end":{}}],"line":343},"28":{"loc":{"start":{"line":351,"column":20},"end":{"line":356,"column":21}},"type":"if","locations":[{"start":{"line":351,"column":20},"end":{"line":356,"column":21}},{"start":{},"end":{}}],"line":351}},"s":{"0":1,"1":0,"2":0,"3":0,"4":0,"5":0,"6":0,"7":0,"8":0,"9":0,"10":0,"11":0,"12":0,"13":0,"14":0,"15":0,"16":0,"17":0,"18":0,"19":0,"20":0,"21":0,"22":1,"23":0,"24":0,"25":0,"26":0,"27":0,"28":0,"29":0,"30":0,"31":0,"32":0,"33":0,"34":0,"35":0,"36":0,"37":0,"38":0,"39":0,"40":0,"41":0,"42":0,"43":0,"44":0,"45":0,"46":0,"47":0,"48":0,"49":0,"50":0,"51":0,"52":0,"53":0,"54":0,"55":0,"56":0,"57":1,"58":0,"59":0,"60":0,"61":0,"62":0,"63":0,"64":0,"65":0,"66":0,"67":0,"68":0,"69":0,"70":0,"71":0,"72":0,"73":0,"74":1,"75":0,"76":0,"77":0,"78":0,"79":0,"80":0,"81":0,"82":0,"83":0,"84":0,"85":0,"86":0,"87":0,"88":0,"89":0,"90":0,"91":0,"92":1,"93":0,"94":0,"95":0,"96":0,"97":0,"98":0,"99":0,"100":0,"101":0,"102":0,"103":0,"104":0,"105":0,"106":0,"107":1,"108":0,"109":0,"110":0,"111":0,"112":0,"113":0,"114":0,"115":0,"116":0,"117":0,"118":0,"119":0,"120":0,"121":0,"122":0,"123":0,"124":0,"125":0,"126":0},"f":{"0":0,"1":0,"2":0,"3":0,"4":0,"5":0,"6":0,"7":0,"8":0,"9":0,"10":0,"11":0,"12":0,"13":0},"b":{"0":[0],"1":[0,0],"2":[0],"3":[0],"4":[0,0],"5":[0,0],"6":[0,0],"7":[0,0,0],"8":[0,0],"9":[0,0],"10":[0,0],"11":[0,0],"12":[0,0],"13":[0,0],"14":[0,0],"15":[0,0],"16":[0,0],"17":[0,0],"18":[0,0],"19":[0,0],"20":[0,0],"21":[0,0],"22":[0,0],"23":[0,0],"24":[0,0],"25":[0,0],"26":[0,0],"27":[0,0],"28":[0,0]},"_coverageSchema":"1a1c01bbd47fc00a2c39e90264f33305004495a9","hash":"595099d994ef2ab4b17621cad82ac56d33339e98"}
,"/Users/jacopoconsolaro/Desktop/Progetto_ISW/Ingegneria_del_software_gruppo_8/SecuriTrento_BE/controllers/controllerRichiestaAllocazione.ts": {"path":"/Users/jacopoconsolaro/Desktop/Progetto_ISW/Ingegneria_del_software_gruppo_8/SecuriTrento_BE/controllers/controllerRichiestaAllocazione.ts","statementMap":{"0":{"start":{"line":9,"column":42},"end":{"line":34,"column":1}},"1":{"start":{"line":10,"column":16},"end":{"line":10,"column":37}},"2":{"start":{"line":11,"column":2},"end":{"line":16,"column":3}},"3":{"start":{"line":12,"column":4},"end":{"line":15,"column":7}},"4":{"start":{"line":18,"column":2},"end":{"line":33,"column":3}},"5":{"start":{"line":19,"column":22},"end":{"line":19,"column":81}},"6":{"start":{"line":20,"column":4},"end":{"line":25,"column":7}},"7":{"start":{"line":28,"column":4},"end":{"line":32,"column":7}},"8":{"start":{"line":39,"column":43},"end":{"line":69,"column":1}},"9":{"start":{"line":40,"column":16},"end":{"line":40,"column":37}},"10":{"start":{"line":42,"column":2},"end":{"line":47,"column":3}},"11":{"start":{"line":43,"column":4},"end":{"line":46,"column":7}},"12":{"start":{"line":49,"column":2},"end":{"line":68,"column":3}},"13":{"start":{"line":50,"column":22},"end":{"line":50,"column":77}},"14":{"start":{"line":51,"column":4},"end":{"line":56,"column":5}},"15":{"start":{"line":52,"column":6},"end":{"line":55,"column":9}},"16":{"start":{"line":57,"column":4},"end":{"line":61,"column":7}},"17":{"start":{"line":63,"column":4},"end":{"line":67,"column":7}},"18":{"start":{"line":74,"column":42},"end":{"line":143,"column":1}},"19":{"start":{"line":77,"column":16},"end":{"line":77,"column":37}},"20":{"start":{"line":78,"column":4},"end":{"line":78,"column":73}},"21":{"start":{"line":79,"column":2},"end":{"line":84,"column":3}},"22":{"start":{"line":80,"column":4},"end":{"line":83,"column":7}},"23":{"start":{"line":86,"column":2},"end":{"line":86,"column":62}},"24":{"start":{"line":88,"column":2},"end":{"line":142,"column":3}},"25":{"start":{"line":89,"column":17},"end":{"line":89,"column":25}},"26":{"start":{"line":90,"column":4},"end":{"line":95,"column":5}},"27":{"start":{"line":91,"column":6},"end":{"line":94,"column":9}},"28":{"start":{"line":98,"column":27},"end":{"line":98,"column":47}},"29":{"start":{"line":99,"column":4},"end":{"line":106,"column":5}},"30":{"start":{"line":100,"column":6},"end":{"line":105,"column":7}},"31":{"start":{"line":101,"column":8},"end":{"line":104,"column":11}},"32":{"start":{"line":109,"column":4},"end":{"line":116,"column":5}},"33":{"start":{"line":112,"column":6},"end":{"line":115,"column":9}},"34":{"start":{"line":118,"column":26},"end":{"line":128,"column":5}},"35":{"start":{"line":130,"column":27},"end":{"line":130,"column":80}},"36":{"start":{"line":131,"column":4},"end":{"line":135,"column":7}},"37":{"start":{"line":137,"column":4},"end":{"line":141,"column":7}},"38":{"start":{"line":148,"column":42},"end":{"line":194,"column":1}},"39":{"start":{"line":149,"column":16},"end":{"line":149,"column":37}},"40":{"start":{"line":150,"column":16},"end":{"line":150,"column":33}},"41":{"start":{"line":152,"column":2},"end":{"line":157,"column":3}},"42":{"start":{"line":153,"column":4},"end":{"line":156,"column":7}},"43":{"start":{"line":159,"column":2},"end":{"line":193,"column":3}},"44":{"start":{"line":161,"column":17},"end":{"line":161,"column":39}},"45":{"start":{"line":163,"column":22},"end":{"line":167,"column":5}},"46":{"start":{"line":169,"column":4},"end":{"line":174,"column":5}},"47":{"start":{"line":170,"column":6},"end":{"line":173,"column":9}},"48":{"start":{"line":176,"column":4},"end":{"line":176,"column":34}},"49":{"start":{"line":177,"column":4},"end":{"line":177,"column":46}},"50":{"start":{"line":179,"column":21},"end":{"line":179,"column":100}},"51":{"start":{"line":181,"column":4},"end":{"line":185,"column":7}},"52":{"start":{"line":188,"column":4},"end":{"line":192,"column":7}},"53":{"start":{"line":199,"column":42},"end":{"line":229,"column":1}},"54":{"start":{"line":200,"column":16},"end":{"line":200,"column":37}},"55":{"start":{"line":202,"column":2},"end":{"line":207,"column":3}},"56":{"start":{"line":203,"column":4},"end":{"line":206,"column":7}},"57":{"start":{"line":209,"column":2},"end":{"line":228,"column":3}},"58":{"start":{"line":210,"column":22},"end":{"line":210,"column":86}},"59":{"start":{"line":211,"column":4},"end":{"line":216,"column":5}},"60":{"start":{"line":212,"column":6},"end":{"line":215,"column":9}},"61":{"start":{"line":217,"column":4},"end":{"line":221,"column":7}},"62":{"start":{"line":223,"column":4},"end":{"line":227,"column":7}}},"fnMap":{"0":{"name":"(anonymous_0)","decl":{"start":{"line":9,"column":42},"end":{"line":9,"column":43}},"loc":{"start":{"line":9,"column":62},"end":{"line":34,"column":1}},"line":9},"1":{"name":"(anonymous_1)","decl":{"start":{"line":39,"column":43},"end":{"line":39,"column":44}},"loc":{"start":{"line":39,"column":63},"end":{"line":69,"column":1}},"line":39},"2":{"name":"(anonymous_2)","decl":{"start":{"line":74,"column":42},"end":{"line":74,"column":43}},"loc":{"start":{"line":74,"column":62},"end":{"line":143,"column":1}},"line":74},"3":{"name":"(anonymous_3)","decl":{"start":{"line":148,"column":42},"end":{"line":148,"column":43}},"loc":{"start":{"line":148,"column":62},"end":{"line":194,"column":1}},"line":148},"4":{"name":"(anonymous_4)","decl":{"start":{"line":199,"column":42},"end":{"line":199,"column":43}},"loc":{"start":{"line":199,"column":62},"end":{"line":229,"column":1}},"line":199}},"branchMap":{"0":{"loc":{"start":{"line":11,"column":2},"end":{"line":16,"column":3}},"type":"if","locations":[{"start":{"line":11,"column":2},"end":{"line":16,"column":3}},{"start":{},"end":{}}],"line":11},"1":{"loc":{"start":{"line":42,"column":2},"end":{"line":47,"column":3}},"type":"if","locations":[{"start":{"line":42,"column":2},"end":{"line":47,"column":3}},{"start":{},"end":{}}],"line":42},"2":{"loc":{"start":{"line":51,"column":4},"end":{"line":56,"column":5}},"type":"if","locations":[{"start":{"line":51,"column":4},"end":{"line":56,"column":5}},{"start":{},"end":{}}],"line":51},"3":{"loc":{"start":{"line":79,"column":2},"end":{"line":84,"column":3}},"type":"if","locations":[{"start":{"line":79,"column":2},"end":{"line":84,"column":3}},{"start":{},"end":{}}],"line":79},"4":{"loc":{"start":{"line":90,"column":4},"end":{"line":95,"column":5}},"type":"if","locations":[{"start":{"line":90,"column":4},"end":{"line":95,"column":5}},{"start":{},"end":{}}],"line":90},"5":{"loc":{"start":{"line":100,"column":6},"end":{"line":105,"column":7}},"type":"if","locations":[{"start":{"line":100,"column":6},"end":{"line":105,"column":7}},{"start":{},"end":{}}],"line":100},"6":{"loc":{"start":{"line":109,"column":4},"end":{"line":116,"column":5}},"type":"if","locations":[{"start":{"line":109,"column":4},"end":{"line":116,"column":5}},{"start":{},"end":{}}],"line":109},"7":{"loc":{"start":{"line":109,"column":8},"end":{"line":111,"column":46}},"type":"binary-expr","locations":[{"start":{"line":109,"column":8},"end":{"line":109,"column":57}},{"start":{"line":110,"column":8},"end":{"line":110,"column":43}},{"start":{"line":111,"column":8},"end":{"line":111,"column":46}}],"line":109},"8":{"loc":{"start":{"line":152,"column":2},"end":{"line":157,"column":3}},"type":"if","locations":[{"start":{"line":152,"column":2},"end":{"line":157,"column":3}},{"start":{},"end":{}}],"line":152},"9":{"loc":{"start":{"line":169,"column":4},"end":{"line":174,"column":5}},"type":"if","locations":[{"start":{"line":169,"column":4},"end":{"line":174,"column":5}},{"start":{},"end":{}}],"line":169},"10":{"loc":{"start":{"line":202,"column":2},"end":{"line":207,"column":3}},"type":"if","locations":[{"start":{"line":202,"column":2},"end":{"line":207,"column":3}},{"start":{},"end":{}}],"line":202},"11":{"loc":{"start":{"line":202,"column":6},"end":{"line":202,"column":57}},"type":"binary-expr","locations":[{"start":{"line":202,"column":6},"end":{"line":202,"column":27}},{"start":{"line":202,"column":31},"end":{"line":202,"column":57}}],"line":202},"12":{"loc":{"start":{"line":211,"column":4},"end":{"line":216,"column":5}},"type":"if","locations":[{"start":{"line":211,"column":4},"end":{"line":216,"column":5}},{"start":{},"end":{}}],"line":211}},"s":{"0":1,"1":0,"2":0,"3":0,"4":0,"5":0,"6":0,"7":0,"8":1,"9":0,"10":0,"11":0,"12":0,"13":0,"14":0,"15":0,"16":0,"17":0,"18":1,"19":0,"20":0,"21":0,"22":0,"23":0,"24":0,"25":0,"26":0,"27":0,"28":0,"29":0,"30":0,"31":0,"32":0,"33":0,"34":0,"35":0,"36":0,"37":0,"38":1,"39":0,"40":0,"41":0,"42":0,"43":0,"44":0,"45":0,"46":0,"47":0,"48":0,"49":0,"50":0,"51":0,"52":0,"53":1,"54":0,"55":0,"56":0,"57":0,"58":0,"59":0,"60":0,"61":0,"62":0},"f":{"0":0,"1":0,"2":0,"3":0,"4":0},"b":{"0":[0,0],"1":[0,0],"2":[0,0],"3":[0,0],"4":[0,0],"5":[0,0],"6":[0,0],"7":[0,0,0],"8":[0,0],"9":[0,0],"10":[0,0],"11":[0,0],"12":[0,0]},"_coverageSchema":"1a1c01bbd47fc00a2c39e90264f33305004495a9","hash":"13c713c5fff56799082833ec3d30f2388fbcfc86"}
,"/Users/jacopoconsolaro/Desktop/Progetto_ISW/Ingegneria_del_software_gruppo_8/SecuriTrento_BE/controllers/controllerSegnalazione.ts": {"path":"/Users/jacopoconsolaro/Desktop/Progetto_ISW/Ingegneria_del_software_gruppo_8/SecuriTrento_BE/controllers/controllerSegnalazione.ts","statementMap":{"0":{"start":{"line":10,"column":34},"end":{"line":189,"column":1}},"1":{"start":{"line":11,"column":16},"end":{"line":11,"column":37}},"2":{"start":{"line":12,"column":46},"end":{"line":12,"column":55}},"3":{"start":{"line":14,"column":2},"end":{"line":19,"column":3}},"4":{"start":{"line":15,"column":4},"end":{"line":18,"column":7}},"5":{"start":{"line":21,"column":26},"end":{"line":21,"column":101}},"6":{"start":{"line":22,"column":29},"end":{"line":22,"column":33}},"7":{"start":{"line":24,"column":2},"end":{"line":43,"column":3}},"8":{"start":{"line":25,"column":27},"end":{"line":25,"column":77}},"9":{"start":{"line":27,"column":4},"end":{"line":29,"column":52}},"10":{"start":{"line":28,"column":18},"end":{"line":28,"column":35}},"11":{"start":{"line":29,"column":21},"end":{"line":29,"column":50}},"12":{"start":{"line":31,"column":4},"end":{"line":37,"column":5}},"13":{"start":{"line":32,"column":32},"end":{"line":32,"column":106}},"14":{"start":{"line":32,"column":61},"end":{"line":32,"column":105}},"15":{"start":{"line":33,"column":6},"end":{"line":36,"column":9}},"16":{"start":{"line":39,"column":4},"end":{"line":42,"column":5}},"17":{"start":{"line":40,"column":32},"end":{"line":40,"column":106}},"18":{"start":{"line":40,"column":61},"end":{"line":40,"column":105}},"19":{"start":{"line":41,"column":6},"end":{"line":41,"column":89}},"20":{"start":{"line":45,"column":22},"end":{"line":45,"column":42}},"21":{"start":{"line":46,"column":2},"end":{"line":51,"column":3}},"22":{"start":{"line":47,"column":4},"end":{"line":50,"column":7}},"23":{"start":{"line":56,"column":2},"end":{"line":78,"column":3}},"24":{"start":{"line":57,"column":4},"end":{"line":57,"column":34}},"25":{"start":{"line":58,"column":4},"end":{"line":63,"column":5}},"26":{"start":{"line":59,"column":6},"end":{"line":62,"column":9}},"27":{"start":{"line":64,"column":4},"end":{"line":69,"column":7}},"28":{"start":{"line":71,"column":17},"end":{"line":71,"column":27}},"29":{"start":{"line":72,"column":4},"end":{"line":77,"column":7}},"30":{"start":{"line":80,"column":2},"end":{"line":102,"column":3}},"31":{"start":{"line":81,"column":4},"end":{"line":81,"column":31}},"32":{"start":{"line":82,"column":4},"end":{"line":87,"column":5}},"33":{"start":{"line":83,"column":6},"end":{"line":86,"column":9}},"34":{"start":{"line":88,"column":4},"end":{"line":93,"column":7}},"35":{"start":{"line":95,"column":17},"end":{"line":95,"column":27}},"36":{"start":{"line":96,"column":4},"end":{"line":101,"column":7}},"37":{"start":{"line":104,"column":2},"end":{"line":109,"column":3}},"38":{"start":{"line":105,"column":4},"end":{"line":108,"column":7}},"39":{"start":{"line":111,"column":2},"end":{"line":188,"column":3}},"40":{"start":{"line":112,"column":24},"end":{"line":112,"column":26}},"41":{"start":{"line":114,"column":4},"end":{"line":122,"column":5}},"42":{"start":{"line":115,"column":6},"end":{"line":121,"column":7}},"43":{"start":{"line":117,"column":8},"end":{"line":117,"column":46}},"44":{"start":{"line":120,"column":8},"end":{"line":120,"column":52}},"45":{"start":{"line":125,"column":4},"end":{"line":127,"column":5}},"46":{"start":{"line":126,"column":6},"end":{"line":126,"column":41}},"47":{"start":{"line":129,"column":4},"end":{"line":132,"column":6}},"48":{"start":{"line":134,"column":4},"end":{"line":153,"column":5}},"49":{"start":{"line":135,"column":6},"end":{"line":135,"column":64}},"50":{"start":{"line":136,"column":24},"end":{"line":136,"column":60}},"51":{"start":{"line":137,"column":22},"end":{"line":137,"column":58}},"52":{"start":{"line":139,"column":25},"end":{"line":144,"column":25}},"53":{"start":{"line":146,"column":6},"end":{"line":146,"column":68}},"54":{"start":{"line":147,"column":6},"end":{"line":152,"column":9}},"55":{"start":{"line":155,"column":25},"end":{"line":158,"column":13}},"56":{"start":{"line":160,"column":4},"end":{"line":179,"column":7}},"57":{"start":{"line":182,"column":4},"end":{"line":182,"column":55}},"58":{"start":{"line":183,"column":4},"end":{"line":187,"column":7}},"59":{"start":{"line":194,"column":35},"end":{"line":218,"column":1}},"60":{"start":{"line":195,"column":16},"end":{"line":195,"column":37}},"61":{"start":{"line":197,"column":2},"end":{"line":202,"column":3}},"62":{"start":{"line":198,"column":4},"end":{"line":201,"column":7}},"63":{"start":{"line":204,"column":2},"end":{"line":217,"column":3}},"64":{"start":{"line":205,"column":25},"end":{"line":205,"column":72}},"65":{"start":{"line":206,"column":4},"end":{"line":210,"column":7}},"66":{"start":{"line":212,"column":4},"end":{"line":216,"column":7}},"67":{"start":{"line":223,"column":37},"end":{"line":281,"column":1}},"68":{"start":{"line":224,"column":2},"end":{"line":280,"column":3}},"69":{"start":{"line":225,"column":22},"end":{"line":225,"column":32}},"70":{"start":{"line":226,"column":30},"end":{"line":226,"column":39}},"71":{"start":{"line":228,"column":20},"end":{"line":231,"column":20}},"72":{"start":{"line":233,"column":4},"end":{"line":238,"column":5}},"73":{"start":{"line":234,"column":6},"end":{"line":237,"column":9}},"74":{"start":{"line":240,"column":4},"end":{"line":245,"column":5}},"75":{"start":{"line":241,"column":6},"end":{"line":244,"column":9}},"76":{"start":{"line":247,"column":31},"end":{"line":260,"column":30}},"77":{"start":{"line":262,"column":4},"end":{"line":262,"column":75}},"78":{"start":{"line":264,"column":4},"end":{"line":271,"column":7}},"79":{"start":{"line":274,"column":4},"end":{"line":274,"column":58}},"80":{"start":{"line":275,"column":4},"end":{"line":279,"column":7}},"81":{"start":{"line":284,"column":39},"end":{"line":311,"column":1}},"82":{"start":{"line":285,"column":16},"end":{"line":285,"column":37}},"83":{"start":{"line":286,"column":19},"end":{"line":286,"column":36}},"84":{"start":{"line":288,"column":2},"end":{"line":293,"column":3}},"85":{"start":{"line":289,"column":4},"end":{"line":292,"column":7}},"86":{"start":{"line":295,"column":2},"end":{"line":310,"column":3}},"87":{"start":{"line":296,"column":25},"end":{"line":296,"column":67}},"88":{"start":{"line":297,"column":4},"end":{"line":302,"column":7}},"89":{"start":{"line":305,"column":4},"end":{"line":309,"column":7}},"90":{"start":{"line":316,"column":34},"end":{"line":382,"column":1}},"91":{"start":{"line":318,"column":16},"end":{"line":318,"column":37}},"92":{"start":{"line":319,"column":2},"end":{"line":319,"column":38}},"93":{"start":{"line":320,"column":21},"end":{"line":320,"column":38}},"94":{"start":{"line":322,"column":2},"end":{"line":327,"column":3}},"95":{"start":{"line":323,"column":4},"end":{"line":326,"column":7}},"96":{"start":{"line":329,"column":2},"end":{"line":381,"column":3}},"97":{"start":{"line":330,"column":17},"end":{"line":330,"column":25}},"98":{"start":{"line":331,"column":4},"end":{"line":336,"column":5}},"99":{"start":{"line":332,"column":6},"end":{"line":335,"column":9}},"100":{"start":{"line":339,"column":27},"end":{"line":339,"column":57}},"101":{"start":{"line":340,"column":4},"end":{"line":347,"column":5}},"102":{"start":{"line":341,"column":6},"end":{"line":346,"column":7}},"103":{"start":{"line":342,"column":8},"end":{"line":345,"column":11}},"104":{"start":{"line":349,"column":4},"end":{"line":354,"column":5}},"105":{"start":{"line":350,"column":6},"end":{"line":353,"column":9}},"106":{"start":{"line":356,"column":29},"end":{"line":361,"column":5}},"107":{"start":{"line":363,"column":30},"end":{"line":363,"column":78}},"108":{"start":{"line":366,"column":4},"end":{"line":372,"column":9}},"109":{"start":{"line":368,"column":8},"end":{"line":368,"column":103}},"110":{"start":{"line":371,"column":8},"end":{"line":371,"column":102}},"111":{"start":{"line":374,"column":4},"end":{"line":374,"column":135}},"112":{"start":{"line":376,"column":4},"end":{"line":380,"column":7}},"113":{"start":{"line":387,"column":34},"end":{"line":441,"column":1}},"114":{"start":{"line":389,"column":16},"end":{"line":389,"column":37}},"115":{"start":{"line":391,"column":2},"end":{"line":396,"column":3}},"116":{"start":{"line":392,"column":4},"end":{"line":395,"column":7}},"117":{"start":{"line":398,"column":2},"end":{"line":440,"column":3}},"118":{"start":{"line":399,"column":26},"end":{"line":399,"column":59}},"119":{"start":{"line":400,"column":17},"end":{"line":400,"column":19}},"120":{"start":{"line":402,"column":4},"end":{"line":406,"column":5}},"121":{"start":{"line":403,"column":6},"end":{"line":405,"column":7}},"122":{"start":{"line":404,"column":8},"end":{"line":404,"column":38}},"123":{"start":{"line":408,"column":4},"end":{"line":413,"column":5}},"124":{"start":{"line":409,"column":6},"end":{"line":412,"column":9}},"125":{"start":{"line":415,"column":25},"end":{"line":419,"column":5}},"126":{"start":{"line":421,"column":4},"end":{"line":426,"column":5}},"127":{"start":{"line":422,"column":6},"end":{"line":425,"column":9}},"128":{"start":{"line":428,"column":4},"end":{"line":432,"column":7}},"129":{"start":{"line":435,"column":4},"end":{"line":439,"column":7}},"130":{"start":{"line":446,"column":34},"end":{"line":470,"column":1}},"131":{"start":{"line":450,"column":2},"end":{"line":469,"column":3}},"132":{"start":{"line":451,"column":25},"end":{"line":451,"column":81}},"133":{"start":{"line":452,"column":4},"end":{"line":457,"column":5}},"134":{"start":{"line":453,"column":6},"end":{"line":456,"column":9}},"135":{"start":{"line":458,"column":4},"end":{"line":462,"column":7}},"136":{"start":{"line":464,"column":4},"end":{"line":468,"column":7}}},"fnMap":{"0":{"name":"(anonymous_0)","decl":{"start":{"line":10,"column":34},"end":{"line":10,"column":35}},"loc":{"start":{"line":10,"column":54},"end":{"line":189,"column":1}},"line":10},"1":{"name":"(anonymous_1)","decl":{"start":{"line":28,"column":11},"end":{"line":28,"column":12}},"loc":{"start":{"line":28,"column":18},"end":{"line":28,"column":35}},"line":28},"2":{"name":"(anonymous_2)","decl":{"start":{"line":29,"column":14},"end":{"line":29,"column":15}},"loc":{"start":{"line":29,"column":21},"end":{"line":29,"column":50}},"line":29},"3":{"name":"(anonymous_3)","decl":{"start":{"line":32,"column":54},"end":{"line":32,"column":55}},"loc":{"start":{"line":32,"column":61},"end":{"line":32,"column":105}},"line":32},"4":{"name":"(anonymous_4)","decl":{"start":{"line":40,"column":54},"end":{"line":40,"column":55}},"loc":{"start":{"line":40,"column":61},"end":{"line":40,"column":105}},"line":40},"5":{"name":"(anonymous_5)","decl":{"start":{"line":194,"column":35},"end":{"line":194,"column":36}},"loc":{"start":{"line":194,"column":55},"end":{"line":218,"column":1}},"line":194},"6":{"name":"(anonymous_6)","decl":{"start":{"line":223,"column":37},"end":{"line":223,"column":38}},"loc":{"start":{"line":223,"column":57},"end":{"line":281,"column":1}},"line":223},"7":{"name":"(anonymous_7)","decl":{"start":{"line":284,"column":39},"end":{"line":284,"column":40}},"loc":{"start":{"line":284,"column":59},"end":{"line":311,"column":1}},"line":284},"8":{"name":"(anonymous_8)","decl":{"start":{"line":316,"column":34},"end":{"line":316,"column":35}},"loc":{"start":{"line":316,"column":54},"end":{"line":382,"column":1}},"line":316},"9":{"name":"(anonymous_9)","decl":{"start":{"line":367,"column":12},"end":{"line":367,"column":13}},"loc":{"start":{"line":367,"column":33},"end":{"line":369,"column":7}},"line":367},"10":{"name":"(anonymous_10)","decl":{"start":{"line":370,"column":13},"end":{"line":370,"column":14}},"loc":{"start":{"line":370,"column":24},"end":{"line":372,"column":7}},"line":370},"11":{"name":"(anonymous_11)","decl":{"start":{"line":387,"column":34},"end":{"line":387,"column":35}},"loc":{"start":{"line":387,"column":54},"end":{"line":441,"column":1}},"line":387},"12":{"name":"(anonymous_12)","decl":{"start":{"line":446,"column":34},"end":{"line":446,"column":35}},"loc":{"start":{"line":446,"column":54},"end":{"line":470,"column":1}},"line":446}},"branchMap":{"0":{"loc":{"start":{"line":14,"column":2},"end":{"line":19,"column":3}},"type":"if","locations":[{"start":{"line":14,"column":2},"end":{"line":19,"column":3}},{"start":{},"end":{}}],"line":14},"1":{"loc":{"start":{"line":24,"column":2},"end":{"line":43,"column":3}},"type":"if","locations":[{"start":{"line":24,"column":2},"end":{"line":43,"column":3}},{"start":{},"end":{}}],"line":24},"2":{"loc":{"start":{"line":25,"column":27},"end":{"line":25,"column":77}},"type":"cond-expr","locations":[{"start":{"line":25,"column":54},"end":{"line":25,"column":63}},{"start":{"line":25,"column":66},"end":{"line":25,"column":77}}],"line":25},"3":{"loc":{"start":{"line":31,"column":4},"end":{"line":37,"column":5}},"type":"if","locations":[{"start":{"line":31,"column":4},"end":{"line":37,"column":5}},{"start":{},"end":{}}],"line":31},"4":{"loc":{"start":{"line":31,"column":8},"end":{"line":31,"column":65}},"type":"binary-expr","locations":[{"start":{"line":31,"column":8},"end":{"line":31,"column":33}},{"start":{"line":31,"column":37},"end":{"line":31,"column":65}}],"line":31},"5":{"loc":{"start":{"line":39,"column":4},"end":{"line":42,"column":5}},"type":"if","locations":[{"start":{"line":39,"column":4},"end":{"line":42,"column":5}},{"start":{},"end":{}}],"line":39},"6":{"loc":{"start":{"line":46,"column":2},"end":{"line":51,"column":3}},"type":"if","locations":[{"start":{"line":46,"column":2},"end":{"line":51,"column":3}},{"start":{},"end":{}}],"line":46},"7":{"loc":{"start":{"line":46,"column":6},"end":{"line":46,"column":57}},"type":"binary-expr","locations":[{"start":{"line":46,"column":6},"end":{"line":46,"column":11}},{"start":{"line":46,"column":15},"end":{"line":46,"column":57}}],"line":46},"8":{"loc":{"start":{"line":56,"column":2},"end":{"line":78,"column":3}},"type":"if","locations":[{"start":{"line":56,"column":2},"end":{"line":78,"column":3}},{"start":{"line":70,"column":9},"end":{"line":78,"column":3}}],"line":56},"9":{"loc":{"start":{"line":58,"column":4},"end":{"line":63,"column":5}},"type":"if","locations":[{"start":{"line":58,"column":4},"end":{"line":63,"column":5}},{"start":{},"end":{}}],"line":58},"10":{"loc":{"start":{"line":80,"column":2},"end":{"line":102,"column":3}},"type":"if","locations":[{"start":{"line":80,"column":2},"end":{"line":102,"column":3}},{"start":{"line":94,"column":9},"end":{"line":102,"column":3}}],"line":80},"11":{"loc":{"start":{"line":82,"column":4},"end":{"line":87,"column":5}},"type":"if","locations":[{"start":{"line":82,"column":4},"end":{"line":87,"column":5}},{"start":{},"end":{}}],"line":82},"12":{"loc":{"start":{"line":104,"column":2},"end":{"line":109,"column":3}},"type":"if","locations":[{"start":{"line":104,"column":2},"end":{"line":109,"column":3}},{"start":{},"end":{}}],"line":104},"13":{"loc":{"start":{"line":114,"column":4},"end":{"line":122,"column":5}},"type":"if","locations":[{"start":{"line":114,"column":4},"end":{"line":122,"column":5}},{"start":{},"end":{}}],"line":114},"14":{"loc":{"start":{"line":114,"column":8},"end":{"line":114,"column":53}},"type":"binary-expr","locations":[{"start":{"line":114,"column":8},"end":{"line":114,"column":23}},{"start":{"line":114,"column":27},"end":{"line":114,"column":53}}],"line":114},"15":{"loc":{"start":{"line":115,"column":6},"end":{"line":121,"column":7}},"type":"if","locations":[{"start":{"line":115,"column":6},"end":{"line":121,"column":7}},{"start":{"line":118,"column":13},"end":{"line":121,"column":7}}],"line":115},"16":{"loc":{"start":{"line":125,"column":4},"end":{"line":127,"column":5}},"type":"if","locations":[{"start":{"line":125,"column":4},"end":{"line":127,"column":5}},{"start":{},"end":{}}],"line":125},"17":{"loc":{"start":{"line":134,"column":4},"end":{"line":153,"column":5}},"type":"if","locations":[{"start":{"line":134,"column":4},"end":{"line":153,"column":5}},{"start":{},"end":{}}],"line":134},"18":{"loc":{"start":{"line":166,"column":15},"end":{"line":166,"column":28}},"type":"binary-expr","locations":[{"start":{"line":166,"column":15},"end":{"line":166,"column":20}},{"start":{"line":166,"column":24},"end":{"line":166,"column":28}}],"line":166},"19":{"loc":{"start":{"line":169,"column":24},"end":{"line":169,"column":41}},"type":"binary-expr","locations":[{"start":{"line":169,"column":24},"end":{"line":169,"column":31}},{"start":{"line":169,"column":35},"end":{"line":169,"column":41}}],"line":169},"20":{"loc":{"start":{"line":178,"column":61},"end":{"line":178,"column":107}},"type":"cond-expr","locations":[{"start":{"line":178,"column":81},"end":{"line":178,"column":102}},{"start":{"line":178,"column":105},"end":{"line":178,"column":107}}],"line":178},"21":{"loc":{"start":{"line":178,"column":61},"end":{"line":178,"column":78}},"type":"binary-expr","locations":[{"start":{"line":178,"column":61},"end":{"line":178,"column":68}},{"start":{"line":178,"column":72},"end":{"line":178,"column":78}}],"line":178},"22":{"loc":{"start":{"line":197,"column":2},"end":{"line":202,"column":3}},"type":"if","locations":[{"start":{"line":197,"column":2},"end":{"line":202,"column":3}},{"start":{},"end":{}}],"line":197},"23":{"loc":{"start":{"line":226,"column":12},"end":{"line":226,"column":25}},"type":"default-arg","locations":[{"start":{"line":226,"column":21},"end":{"line":226,"column":25}}],"line":226},"24":{"loc":{"start":{"line":233,"column":4},"end":{"line":238,"column":5}},"type":"if","locations":[{"start":{"line":233,"column":4},"end":{"line":238,"column":5}},{"start":{},"end":{}}],"line":233},"25":{"loc":{"start":{"line":240,"column":4},"end":{"line":245,"column":5}},"type":"if","locations":[{"start":{"line":240,"column":4},"end":{"line":245,"column":5}},{"start":{},"end":{}}],"line":240},"26":{"loc":{"start":{"line":240,"column":8},"end":{"line":240,"column":68}},"type":"binary-expr","locations":[{"start":{"line":240,"column":8},"end":{"line":240,"column":30}},{"start":{"line":240,"column":34},"end":{"line":240,"column":68}}],"line":240},"27":{"loc":{"start":{"line":288,"column":2},"end":{"line":293,"column":3}},"type":"if","locations":[{"start":{"line":288,"column":2},"end":{"line":293,"column":3}},{"start":{},"end":{}}],"line":288},"28":{"loc":{"start":{"line":288,"column":6},"end":{"line":288,"column":57}},"type":"binary-expr","locations":[{"start":{"line":288,"column":6},"end":{"line":288,"column":27}},{"start":{"line":288,"column":31},"end":{"line":288,"column":57}}],"line":288},"29":{"loc":{"start":{"line":322,"column":2},"end":{"line":327,"column":3}},"type":"if","locations":[{"start":{"line":322,"column":2},"end":{"line":327,"column":3}},{"start":{},"end":{}}],"line":322},"30":{"loc":{"start":{"line":322,"column":6},"end":{"line":322,"column":57}},"type":"binary-expr","locations":[{"start":{"line":322,"column":6},"end":{"line":322,"column":27}},{"start":{"line":322,"column":31},"end":{"line":322,"column":57}}],"line":322},"31":{"loc":{"start":{"line":331,"column":4},"end":{"line":336,"column":5}},"type":"if","locations":[{"start":{"line":331,"column":4},"end":{"line":336,"column":5}},{"start":{},"end":{}}],"line":331},"32":{"loc":{"start":{"line":341,"column":6},"end":{"line":346,"column":7}},"type":"if","locations":[{"start":{"line":341,"column":6},"end":{"line":346,"column":7}},{"start":{},"end":{}}],"line":341},"33":{"loc":{"start":{"line":349,"column":4},"end":{"line":354,"column":5}},"type":"if","locations":[{"start":{"line":349,"column":4},"end":{"line":354,"column":5}},{"start":{},"end":{}}],"line":349},"34":{"loc":{"start":{"line":358,"column":19},"end":{"line":358,"column":41}},"type":"binary-expr","locations":[{"start":{"line":358,"column":19},"end":{"line":358,"column":35}},{"start":{"line":358,"column":39},"end":{"line":358,"column":41}}],"line":358},"35":{"loc":{"start":{"line":391,"column":2},"end":{"line":396,"column":3}},"type":"if","locations":[{"start":{"line":391,"column":2},"end":{"line":396,"column":3}},{"start":{},"end":{}}],"line":391},"36":{"loc":{"start":{"line":391,"column":6},"end":{"line":391,"column":57}},"type":"binary-expr","locations":[{"start":{"line":391,"column":6},"end":{"line":391,"column":27}},{"start":{"line":391,"column":31},"end":{"line":391,"column":57}}],"line":391},"37":{"loc":{"start":{"line":403,"column":6},"end":{"line":405,"column":7}},"type":"if","locations":[{"start":{"line":403,"column":6},"end":{"line":405,"column":7}},{"start":{},"end":{}}],"line":403},"38":{"loc":{"start":{"line":408,"column":4},"end":{"line":413,"column":5}},"type":"if","locations":[{"start":{"line":408,"column":4},"end":{"line":413,"column":5}},{"start":{},"end":{}}],"line":408},"39":{"loc":{"start":{"line":421,"column":4},"end":{"line":426,"column":5}},"type":"if","locations":[{"start":{"line":421,"column":4},"end":{"line":426,"column":5}},{"start":{},"end":{}}],"line":421},"40":{"loc":{"start":{"line":452,"column":4},"end":{"line":457,"column":5}},"type":"if","locations":[{"start":{"line":452,"column":4},"end":{"line":457,"column":5}},{"start":{},"end":{}}],"line":452}},"s":{"0":1,"1":0,"2":0,"3":0,"4":0,"5":0,"6":0,"7":0,"8":0,"9":0,"10":0,"11":0,"12":0,"13":0,"14":0,"15":0,"16":0,"17":0,"18":0,"19":0,"20":0,"21":0,"22":0,"23":0,"24":0,"25":0,"26":0,"27":0,"28":0,"29":0,"30":0,"31":0,"32":0,"33":0,"34":0,"35":0,"36":0,"37":0,"38":0,"39":0,"40":0,"41":0,"42":0,"43":0,"44":0,"45":0,"46":0,"47":0,"48":0,"49":0,"50":0,"51":0,"52":0,"53":0,"54":0,"55":0,"56":0,"57":0,"58":0,"59":1,"60":0,"61":0,"62":0,"63":0,"64":0,"65":0,"66":0,"67":1,"68":0,"69":0,"70":0,"71":0,"72":0,"73":0,"74":0,"75":0,"76":0,"77":0,"78":0,"79":0,"80":0,"81":1,"82":0,"83":0,"84":0,"85":0,"86":0,"87":0,"88":0,"89":0,"90":1,"91":0,"92":0,"93":0,"94":0,"95":0,"96":0,"97":0,"98":0,"99":0,"100":0,"101":0,"102":0,"103":0,"104":0,"105":0,"106":0,"107":0,"108":0,"109":0,"110":0,"111":0,"112":0,"113":1,"114":0,"115":0,"116":0,"117":0,"118":0,"119":0,"120":0,"121":0,"122":0,"123":0,"124":0,"125":0,"126":0,"127":0,"128":0,"129":0,"130":1,"131":0,"132":0,"133":0,"134":0,"135":0,"136":0},"f":{"0":0,"1":0,"2":0,"3":0,"4":0,"5":0,"6":0,"7":0,"8":0,"9":0,"10":0,"11":0,"12":0},"b":{"0":[0,0],"1":[0,0],"2":[0,0],"3":[0,0],"4":[0,0],"5":[0,0],"6":[0,0],"7":[0,0],"8":[0,0],"9":[0,0],"10":[0,0],"11":[0,0],"12":[0,0],"13":[0,0],"14":[0,0],"15":[0,0],"16":[0,0],"17":[0,0],"18":[0,0],"19":[0,0],"20":[0,0],"21":[0,0],"22":[0,0],"23":[0],"24":[0,0],"25":[0,0],"26":[0,0],"27":[0,0],"28":[0,0],"29":[0,0],"30":[0,0],"31":[0,0],"32":[0,0],"33":[0,0],"34":[0,0],"35":[0,0],"36":[0,0],"37":[0,0],"38":[0,0],"39":[0,0],"40":[0,0]},"_coverageSchema":"1a1c01bbd47fc00a2c39e90264f33305004495a9","hash":"ae5f1c21a56652af6ee65960e0f669729d84dd96"}
,"/Users/jacopoconsolaro/Desktop/Progetto_ISW/Ingegneria_del_software_gruppo_8/SecuriTrento_BE/controllers/controllerUtente.ts": {"path":"/Users/jacopoconsolaro/Desktop/Progetto_ISW/Ingegneria_del_software_gruppo_8/SecuriTrento_BE/controllers/controllerUtente.ts","statementMap":{"0":{"start":{"line":11,"column":28},"end":{"line":37,"column":1}},"1":{"start":{"line":13,"column":18},"end":{"line":13,"column":39}},"2":{"start":{"line":15,"column":4},"end":{"line":20,"column":5}},"3":{"start":{"line":16,"column":8},"end":{"line":19,"column":11}},"4":{"start":{"line":22,"column":4},"end":{"line":36,"column":5}},"5":{"start":{"line":23,"column":23},"end":{"line":23,"column":57}},"6":{"start":{"line":24,"column":8},"end":{"line":29,"column":11}},"7":{"start":{"line":31,"column":8},"end":{"line":35,"column":11}},"8":{"start":{"line":42,"column":31},"end":{"line":86,"column":1}},"9":{"start":{"line":44,"column":18},"end":{"line":44,"column":39}},"10":{"start":{"line":45,"column":4},"end":{"line":50,"column":5}},"11":{"start":{"line":46,"column":8},"end":{"line":49,"column":11}},"12":{"start":{"line":52,"column":4},"end":{"line":85,"column":5}},"13":{"start":{"line":53,"column":25},"end":{"line":53,"column":35}},"14":{"start":{"line":56,"column":8},"end":{"line":71,"column":9}},"15":{"start":{"line":58,"column":16},"end":{"line":58,"column":94}},"16":{"start":{"line":59,"column":16},"end":{"line":59,"column":22}},"17":{"start":{"line":61,"column":16},"end":{"line":61,"column":75}},"18":{"start":{"line":62,"column":16},"end":{"line":62,"column":22}},"19":{"start":{"line":64,"column":16},"end":{"line":64,"column":70}},"20":{"start":{"line":65,"column":16},"end":{"line":65,"column":22}},"21":{"start":{"line":67,"column":16},"end":{"line":70,"column":19}},"22":{"start":{"line":73,"column":8},"end":{"line":78,"column":11}},"23":{"start":{"line":80,"column":8},"end":{"line":84,"column":11}},"24":{"start":{"line":91,"column":29},"end":{"line":125,"column":1}},"25":{"start":{"line":93,"column":18},"end":{"line":93,"column":39}},"26":{"start":{"line":95,"column":4},"end":{"line":100,"column":5}},"27":{"start":{"line":96,"column":8},"end":{"line":99,"column":11}},"28":{"start":{"line":103,"column":4},"end":{"line":124,"column":5}},"29":{"start":{"line":104,"column":23},"end":{"line":104,"column":74}},"30":{"start":{"line":106,"column":8},"end":{"line":111,"column":9}},"31":{"start":{"line":107,"column":12},"end":{"line":110,"column":15}},"32":{"start":{"line":113,"column":8},"end":{"line":117,"column":11}},"33":{"start":{"line":119,"column":8},"end":{"line":123,"column":11}},"34":{"start":{"line":130,"column":28},"end":{"line":245,"column":1}},"35":{"start":{"line":131,"column":4},"end":{"line":244,"column":5}},"36":{"start":{"line":132,"column":25},"end":{"line":132,"column":35}},"37":{"start":{"line":143,"column":12},"end":{"line":143,"column":20}},"38":{"start":{"line":145,"column":8},"end":{"line":150,"column":9}},"39":{"start":{"line":146,"column":12},"end":{"line":149,"column":15}},"40":{"start":{"line":151,"column":8},"end":{"line":156,"column":9}},"41":{"start":{"line":152,"column":12},"end":{"line":155,"column":15}},"42":{"start":{"line":158,"column":8},"end":{"line":163,"column":9}},"43":{"start":{"line":159,"column":12},"end":{"line":162,"column":15}},"44":{"start":{"line":165,"column":8},"end":{"line":170,"column":9}},"45":{"start":{"line":166,"column":12},"end":{"line":169,"column":15}},"46":{"start":{"line":173,"column":29},"end":{"line":173,"column":78}},"47":{"start":{"line":174,"column":8},"end":{"line":179,"column":9}},"48":{"start":{"line":175,"column":12},"end":{"line":178,"column":15}},"49":{"start":{"line":181,"column":31},"end":{"line":181,"column":62}},"50":{"start":{"line":185,"column":8},"end":{"line":227,"column":9}},"51":{"start":{"line":188,"column":16},"end":{"line":194,"column":19}},"52":{"start":{"line":195,"column":16},"end":{"line":195,"column":22}},"53":{"start":{"line":206,"column":16},"end":{"line":215,"column":19}},"54":{"start":{"line":216,"column":16},"end":{"line":216,"column":22}},"55":{"start":{"line":220,"column":16},"end":{"line":225,"column":19}},"56":{"start":{"line":226,"column":16},"end":{"line":226,"column":22}},"57":{"start":{"line":229,"column":26},"end":{"line":229,"column":46}},"58":{"start":{"line":231,"column":8},"end":{"line":235,"column":11}},"59":{"start":{"line":238,"column":8},"end":{"line":238,"column":61}},"60":{"start":{"line":239,"column":8},"end":{"line":243,"column":11}},"61":{"start":{"line":250,"column":28},"end":{"line":285,"column":1}},"62":{"start":{"line":252,"column":18},"end":{"line":252,"column":39}},"63":{"start":{"line":254,"column":4},"end":{"line":259,"column":5}},"64":{"start":{"line":255,"column":8},"end":{"line":258,"column":11}},"65":{"start":{"line":262,"column":4},"end":{"line":284,"column":5}},"66":{"start":{"line":263,"column":21},"end":{"line":266,"column":26}},"67":{"start":{"line":267,"column":8},"end":{"line":272,"column":9}},"68":{"start":{"line":268,"column":12},"end":{"line":271,"column":15}},"69":{"start":{"line":273,"column":8},"end":{"line":277,"column":11}},"70":{"start":{"line":279,"column":8},"end":{"line":283,"column":11}},"71":{"start":{"line":292,"column":28},"end":{"line":414,"column":1}},"72":{"start":{"line":294,"column":18},"end":{"line":294,"column":39}},"73":{"start":{"line":296,"column":4},"end":{"line":301,"column":5}},"74":{"start":{"line":297,"column":8},"end":{"line":300,"column":11}},"75":{"start":{"line":303,"column":4},"end":{"line":413,"column":5}},"76":{"start":{"line":304,"column":23},"end":{"line":304,"column":33}},"77":{"start":{"line":305,"column":62},"end":{"line":305,"column":70}},"78":{"start":{"line":307,"column":8},"end":{"line":312,"column":9}},"79":{"start":{"line":308,"column":12},"end":{"line":311,"column":15}},"80":{"start":{"line":314,"column":23},"end":{"line":314,"column":63}},"81":{"start":{"line":315,"column":8},"end":{"line":320,"column":9}},"82":{"start":{"line":316,"column":12},"end":{"line":319,"column":15}},"83":{"start":{"line":322,"column":34},"end":{"line":322,"column":43}},"84":{"start":{"line":324,"column":8},"end":{"line":333,"column":9}},"85":{"start":{"line":325,"column":12},"end":{"line":330,"column":13}},"86":{"start":{"line":326,"column":16},"end":{"line":329,"column":19}},"87":{"start":{"line":332,"column":12},"end":{"line":332,"column":73}},"88":{"start":{"line":336,"column":8},"end":{"line":405,"column":9}},"89":{"start":{"line":337,"column":12},"end":{"line":355,"column":13}},"90":{"start":{"line":338,"column":16},"end":{"line":343,"column":17}},"91":{"start":{"line":339,"column":20},"end":{"line":342,"column":23}},"92":{"start":{"line":345,"column":16},"end":{"line":352,"column":17}},"93":{"start":{"line":346,"column":20},"end":{"line":351,"column":21}},"94":{"start":{"line":347,"column":24},"end":{"line":350,"column":27}},"95":{"start":{"line":354,"column":16},"end":{"line":354,"column":70}},"96":{"start":{"line":357,"column":12},"end":{"line":366,"column":13}},"97":{"start":{"line":358,"column":16},"end":{"line":363,"column":17}},"98":{"start":{"line":359,"column":20},"end":{"line":362,"column":23}},"99":{"start":{"line":365,"column":16},"end":{"line":365,"column":64}},"100":{"start":{"line":368,"column":12},"end":{"line":373,"column":13}},"101":{"start":{"line":369,"column":16},"end":{"line":372,"column":19}},"102":{"start":{"line":375,"column":37},"end":{"line":379,"column":13}},"103":{"start":{"line":381,"column":12},"end":{"line":385,"column":15}},"104":{"start":{"line":387,"column":12},"end":{"line":392,"column":13}},"105":{"start":{"line":388,"column":16},"end":{"line":391,"column":19}},"106":{"start":{"line":394,"column":37},"end":{"line":398,"column":13}},"107":{"start":{"line":400,"column":12},"end":{"line":404,"column":15}},"108":{"start":{"line":407,"column":8},"end":{"line":407,"column":61}},"109":{"start":{"line":408,"column":8},"end":{"line":412,"column":11}}},"fnMap":{"0":{"name":"(anonymous_0)","decl":{"start":{"line":11,"column":28},"end":{"line":11,"column":29}},"loc":{"start":{"line":11,"column":48},"end":{"line":37,"column":1}},"line":11},"1":{"name":"(anonymous_1)","decl":{"start":{"line":42,"column":31},"end":{"line":42,"column":32}},"loc":{"start":{"line":42,"column":51},"end":{"line":86,"column":1}},"line":42},"2":{"name":"(anonymous_2)","decl":{"start":{"line":91,"column":29},"end":{"line":91,"column":30}},"loc":{"start":{"line":91,"column":49},"end":{"line":125,"column":1}},"line":91},"3":{"name":"(anonymous_3)","decl":{"start":{"line":130,"column":28},"end":{"line":130,"column":29}},"loc":{"start":{"line":130,"column":48},"end":{"line":245,"column":1}},"line":130},"4":{"name":"(anonymous_4)","decl":{"start":{"line":250,"column":28},"end":{"line":250,"column":29}},"loc":{"start":{"line":250,"column":48},"end":{"line":285,"column":1}},"line":250},"5":{"name":"(anonymous_5)","decl":{"start":{"line":292,"column":28},"end":{"line":292,"column":29}},"loc":{"start":{"line":292,"column":48},"end":{"line":414,"column":1}},"line":292}},"branchMap":{"0":{"loc":{"start":{"line":15,"column":4},"end":{"line":20,"column":5}},"type":"if","locations":[{"start":{"line":15,"column":4},"end":{"line":20,"column":5}},{"start":{},"end":{}}],"line":15},"1":{"loc":{"start":{"line":45,"column":4},"end":{"line":50,"column":5}},"type":"if","locations":[{"start":{"line":45,"column":4},"end":{"line":50,"column":5}},{"start":{},"end":{}}],"line":45},"2":{"loc":{"start":{"line":56,"column":8},"end":{"line":71,"column":9}},"type":"switch","locations":[{"start":{"line":57,"column":12},"end":{"line":59,"column":22}},{"start":{"line":60,"column":12},"end":{"line":62,"column":22}},{"start":{"line":63,"column":12},"end":{"line":65,"column":22}},{"start":{"line":66,"column":12},"end":{"line":70,"column":19}}],"line":56},"3":{"loc":{"start":{"line":95,"column":4},"end":{"line":100,"column":5}},"type":"if","locations":[{"start":{"line":95,"column":4},"end":{"line":100,"column":5}},{"start":{},"end":{}}],"line":95},"4":{"loc":{"start":{"line":106,"column":8},"end":{"line":111,"column":9}},"type":"if","locations":[{"start":{"line":106,"column":8},"end":{"line":111,"column":9}},{"start":{},"end":{}}],"line":106},"5":{"loc":{"start":{"line":145,"column":8},"end":{"line":150,"column":9}},"type":"if","locations":[{"start":{"line":145,"column":8},"end":{"line":150,"column":9}},{"start":{},"end":{}}],"line":145},"6":{"loc":{"start":{"line":151,"column":8},"end":{"line":156,"column":9}},"type":"if","locations":[{"start":{"line":151,"column":8},"end":{"line":156,"column":9}},{"start":{},"end":{}}],"line":151},"7":{"loc":{"start":{"line":158,"column":8},"end":{"line":163,"column":9}},"type":"if","locations":[{"start":{"line":158,"column":8},"end":{"line":163,"column":9}},{"start":{},"end":{}}],"line":158},"8":{"loc":{"start":{"line":158,"column":12},"end":{"line":158,"column":44}},"type":"binary-expr","locations":[{"start":{"line":158,"column":12},"end":{"line":158,"column":21}},{"start":{"line":158,"column":25},"end":{"line":158,"column":44}}],"line":158},"9":{"loc":{"start":{"line":165,"column":8},"end":{"line":170,"column":9}},"type":"if","locations":[{"start":{"line":165,"column":8},"end":{"line":170,"column":9}},{"start":{},"end":{}}],"line":165},"10":{"loc":{"start":{"line":165,"column":12},"end":{"line":165,"column":45}},"type":"binary-expr","locations":[{"start":{"line":165,"column":12},"end":{"line":165,"column":21}},{"start":{"line":165,"column":25},"end":{"line":165,"column":45}}],"line":165},"11":{"loc":{"start":{"line":174,"column":8},"end":{"line":179,"column":9}},"type":"if","locations":[{"start":{"line":174,"column":8},"end":{"line":179,"column":9}},{"start":{},"end":{}}],"line":174},"12":{"loc":{"start":{"line":185,"column":8},"end":{"line":227,"column":9}},"type":"switch","locations":[{"start":{"line":186,"column":12},"end":{"line":195,"column":22}},{"start":{"line":197,"column":12},"end":{"line":216,"column":22}},{"start":{"line":218,"column":12},"end":{"line":218,"column":28}},{"start":{"line":219,"column":12},"end":{"line":226,"column":22}}],"line":185},"13":{"loc":{"start":{"line":212,"column":38},"end":{"line":212,"column":60}},"type":"binary-expr","locations":[{"start":{"line":212,"column":38},"end":{"line":212,"column":54}},{"start":{"line":212,"column":58},"end":{"line":212,"column":60}}],"line":212},"14":{"loc":{"start":{"line":213,"column":35},"end":{"line":213,"column":85}},"type":"cond-expr","locations":[{"start":{"line":213,"column":65},"end":{"line":213,"column":78}},{"start":{"line":213,"column":81},"end":{"line":213,"column":85}}],"line":213},"15":{"loc":{"start":{"line":254,"column":4},"end":{"line":259,"column":5}},"type":"if","locations":[{"start":{"line":254,"column":4},"end":{"line":259,"column":5}},{"start":{},"end":{}}],"line":254},"16":{"loc":{"start":{"line":267,"column":8},"end":{"line":272,"column":9}},"type":"if","locations":[{"start":{"line":267,"column":8},"end":{"line":272,"column":9}},{"start":{},"end":{}}],"line":267},"17":{"loc":{"start":{"line":296,"column":4},"end":{"line":301,"column":5}},"type":"if","locations":[{"start":{"line":296,"column":4},"end":{"line":301,"column":5}},{"start":{},"end":{}}],"line":296},"18":{"loc":{"start":{"line":307,"column":8},"end":{"line":312,"column":9}},"type":"if","locations":[{"start":{"line":307,"column":8},"end":{"line":312,"column":9}},{"start":{},"end":{}}],"line":307},"19":{"loc":{"start":{"line":315,"column":8},"end":{"line":320,"column":9}},"type":"if","locations":[{"start":{"line":315,"column":8},"end":{"line":320,"column":9}},{"start":{},"end":{}}],"line":315},"20":{"loc":{"start":{"line":324,"column":8},"end":{"line":333,"column":9}},"type":"if","locations":[{"start":{"line":324,"column":8},"end":{"line":333,"column":9}},{"start":{},"end":{}}],"line":324},"21":{"loc":{"start":{"line":325,"column":12},"end":{"line":330,"column":13}},"type":"if","locations":[{"start":{"line":325,"column":12},"end":{"line":330,"column":13}},{"start":{},"end":{}}],"line":325},"22":{"loc":{"start":{"line":336,"column":8},"end":{"line":405,"column":9}},"type":"if","locations":[{"start":{"line":336,"column":8},"end":{"line":405,"column":9}},{"start":{"line":386,"column":15},"end":{"line":405,"column":9}}],"line":336},"23":{"loc":{"start":{"line":337,"column":12},"end":{"line":355,"column":13}},"type":"if","locations":[{"start":{"line":337,"column":12},"end":{"line":355,"column":13}},{"start":{},"end":{}}],"line":337},"24":{"loc":{"start":{"line":338,"column":16},"end":{"line":343,"column":17}},"type":"if","locations":[{"start":{"line":338,"column":16},"end":{"line":343,"column":17}},{"start":{},"end":{}}],"line":338},"25":{"loc":{"start":{"line":346,"column":20},"end":{"line":351,"column":21}},"type":"if","locations":[{"start":{"line":346,"column":20},"end":{"line":351,"column":21}},{"start":{},"end":{}}],"line":346},"26":{"loc":{"start":{"line":346,"column":24},"end":{"line":346,"column":100}},"type":"binary-expr","locations":[{"start":{"line":346,"column":24},"end":{"line":346,"column":43}},{"start":{"line":346,"column":47},"end":{"line":346,"column":64}},{"start":{"line":346,"column":68},"end":{"line":346,"column":100}}],"line":346},"27":{"loc":{"start":{"line":357,"column":12},"end":{"line":366,"column":13}},"type":"if","locations":[{"start":{"line":357,"column":12},"end":{"line":366,"column":13}},{"start":{},"end":{}}],"line":357},"28":{"loc":{"start":{"line":358,"column":16},"end":{"line":363,"column":17}},"type":"if","locations":[{"start":{"line":358,"column":16},"end":{"line":363,"column":17}},{"start":{},"end":{}}],"line":358},"29":{"loc":{"start":{"line":358,"column":20},"end":{"line":358,"column":91}},"type":"binary-expr","locations":[{"start":{"line":358,"column":20},"end":{"line":358,"column":46}},{"start":{"line":358,"column":50},"end":{"line":358,"column":91}}],"line":358},"30":{"loc":{"start":{"line":368,"column":12},"end":{"line":373,"column":13}},"type":"if","locations":[{"start":{"line":368,"column":12},"end":{"line":373,"column":13}},{"start":{},"end":{}}],"line":368},"31":{"loc":{"start":{"line":387,"column":12},"end":{"line":392,"column":13}},"type":"if","locations":[{"start":{"line":387,"column":12},"end":{"line":392,"column":13}},{"start":{},"end":{}}],"line":387}},"s":{"0":1,"1":0,"2":0,"3":0,"4":0,"5":0,"6":0,"7":0,"8":1,"9":0,"10":0,"11":0,"12":0,"13":0,"14":0,"15":0,"16":0,"17":0,"18":0,"19":0,"20":0,"21":0,"22":0,"23":0,"24":1,"25":0,"26":0,"27":0,"28":0,"29":0,"30":0,"31":0,"32":0,"33":0,"34":1,"35":0,"36":0,"37":0,"38":0,"39":0,"40":0,"41":0,"42":0,"43":0,"44":0,"45":0,"46":0,"47":0,"48":0,"49":0,"50":0,"51":0,"52":0,"53":0,"54":0,"55":0,"56":0,"57":0,"58":0,"59":0,"60":0,"61":1,"62":0,"63":0,"64":0,"65":0,"66":0,"67":0,"68":0,"69":0,"70":0,"71":1,"72":0,"73":0,"74":0,"75":0,"76":0,"77":0,"78":0,"79":0,"80":0,"81":0,"82":0,"83":0,"84":0,"85":0,"86":0,"87":0,"88":0,"89":0,"90":0,"91":0,"92":0,"93":0,"94":0,"95":0,"96":0,"97":0,"98":0,"99":0,"100":0,"101":0,"102":0,"103":0,"104":0,"105":0,"106":0,"107":0,"108":0,"109":0},"f":{"0":0,"1":0,"2":0,"3":0,"4":0,"5":0},"b":{"0":[0,0],"1":[0,0],"2":[0,0,0,0],"3":[0,0],"4":[0,0],"5":[0,0],"6":[0,0],"7":[0,0],"8":[0,0],"9":[0,0],"10":[0,0],"11":[0,0],"12":[0,0,0,0],"13":[0,0],"14":[0,0],"15":[0,0],"16":[0,0],"17":[0,0],"18":[0,0],"19":[0,0],"20":[0,0],"21":[0,0],"22":[0,0],"23":[0,0],"24":[0,0],"25":[0,0],"26":[0,0,0],"27":[0,0],"28":[0,0],"29":[0,0],"30":[0,0],"31":[0,0]},"_coverageSchema":"1a1c01bbd47fc00a2c39e90264f33305004495a9","hash":"45472bcaa44ff4af61b7191757be6c9b27d6d792"}
,"/Users/jacopoconsolaro/Desktop/Progetto_ISW/Ingegneria_del_software_gruppo_8/SecuriTrento_BE/middleware/middlewareTokenChecker.ts": {"path":"/Users/jacopoconsolaro/Desktop/Progetto_ISW/Ingegneria_del_software_gruppo_8/SecuriTrento_BE/middleware/middlewareTokenChecker.ts","statementMap":{"0":{"start":{"line":4,"column":0},"end":{"line":4,"column":16}},"1":{"start":{"line":14,"column":28},"end":{"line":38,"column":1}},"2":{"start":{"line":21,"column":18},"end":{"line":21,"column":61}},"3":{"start":{"line":23,"column":4},"end":{"line":25,"column":6}},"4":{"start":{"line":23,"column":16},"end":{"line":25,"column":6}},"5":{"start":{"line":28,"column":4},"end":{"line":37,"column":7}},"6":{"start":{"line":29,"column":8},"end":{"line":36,"column":9}},"7":{"start":{"line":30,"column":12},"end":{"line":30,"column":88}},"8":{"start":{"line":32,"column":12},"end":{"line":32,"column":49}},"9":{"start":{"line":33,"column":12},"end":{"line":33,"column":37}},"10":{"start":{"line":34,"column":12},"end":{"line":34,"column":56}},"11":{"start":{"line":35,"column":12},"end":{"line":35,"column":19}}},"fnMap":{"0":{"name":"(anonymous_0)","decl":{"start":{"line":14,"column":28},"end":{"line":14,"column":29}},"loc":{"start":{"line":18,"column":5},"end":{"line":38,"column":1}},"line":18},"1":{"name":"(anonymous_1)","decl":{"start":{"line":28,"column":48},"end":{"line":28,"column":49}},"loc":{"start":{"line":28,"column":72},"end":{"line":37,"column":5}},"line":28}},"branchMap":{"0":{"loc":{"start":{"line":23,"column":4},"end":{"line":25,"column":6}},"type":"if","locations":[{"start":{"line":23,"column":4},"end":{"line":25,"column":6}},{"start":{},"end":{}}],"line":23},"1":{"loc":{"start":{"line":29,"column":8},"end":{"line":36,"column":9}},"type":"if","locations":[{"start":{"line":29,"column":8},"end":{"line":36,"column":9}},{"start":{"line":31,"column":15},"end":{"line":36,"column":9}}],"line":29}},"s":{"0":1,"1":1,"2":0,"3":0,"4":0,"5":0,"6":0,"7":0,"8":0,"9":0,"10":0,"11":0},"f":{"0":0,"1":0},"b":{"0":[0,0],"1":[0,0]},"_coverageSchema":"1a1c01bbd47fc00a2c39e90264f33305004495a9","hash":"7466b09da251f049bd9f1bb8fe19ef5a72bf9fcb"}
,"/Users/jacopoconsolaro/Desktop/Progetto_ISW/Ingegneria_del_software_gruppo_8/SecuriTrento_BE/models/notificaRichiestaAllocazione.ts": {"path":"/Users/jacopoconsolaro/Desktop/Progetto_ISW/Ingegneria_del_software_gruppo_8/SecuriTrento_BE/models/notificaRichiestaAllocazione.ts","statementMap":{"0":{"start":{"line":5,"column":43},"end":{"line":26,"column":2}}},"fnMap":{},"branchMap":{},"s":{"0":1},"f":{},"b":{},"_coverageSchema":"1a1c01bbd47fc00a2c39e90264f33305004495a9","hash":"a0b5aee2ce7a437f897bccb8612ac864303a7b07"}
,"/Users/jacopoconsolaro/Desktop/Progetto_ISW/Ingegneria_del_software_gruppo_8/SecuriTrento_BE/models/notificaSegnalazione.ts": {"path":"/Users/jacopoconsolaro/Desktop/Progetto_ISW/Ingegneria_del_software_gruppo_8/SecuriTrento_BE/models/notificaSegnalazione.ts","statementMap":{"0":{"start":{"line":3,"column":35},"end":{"line":26,"column":2}},"1":{"start":{"line":28,"column":34},"end":{"line":28,"column":100}}},"fnMap":{},"branchMap":{},"s":{"0":1,"1":1},"f":{},"b":{},"_coverageSchema":"1a1c01bbd47fc00a2c39e90264f33305004495a9","hash":"19ea39b5e54294855b22b679d824fa14613d2b91"}
,"/Users/jacopoconsolaro/Desktop/Progetto_ISW/Ingegneria_del_software_gruppo_8/SecuriTrento_BE/models/richiestaAllocazione.ts": {"path":"/Users/jacopoconsolaro/Desktop/Progetto_ISW/Ingegneria_del_software_gruppo_8/SecuriTrento_BE/models/richiestaAllocazione.ts","statementMap":{"0":{"start":{"line":3,"column":35},"end":{"line":45,"column":2}},"1":{"start":{"line":28,"column":20},"end":{"line":28,"column":68}},"2":{"start":{"line":47,"column":34},"end":{"line":47,"column":124}}},"fnMap":{"0":{"name":"(anonymous_0)","decl":{"start":{"line":27,"column":27},"end":{"line":27,"column":28}},"loc":{"start":{"line":27,"column":40},"end":{"line":29,"column":17}},"line":27}},"branchMap":{"0":{"loc":{"start":{"line":28,"column":27},"end":{"line":28,"column":67}},"type":"binary-expr","locations":[{"start":{"line":28,"column":27},"end":{"line":28,"column":46}},{"start":{"line":28,"column":50},"end":{"line":28,"column":56}},{"start":{"line":28,"column":60},"end":{"line":28,"column":67}}],"line":28}},"s":{"0":1,"1":0,"2":1},"f":{"0":0},"b":{"0":[0,0,0]},"_coverageSchema":"1a1c01bbd47fc00a2c39e90264f33305004495a9","hash":"f0e9f5f48d836f77a86fc0f63908819e1a3ef75e"}
,"/Users/jacopoconsolaro/Desktop/Progetto_ISW/Ingegneria_del_software_gruppo_8/SecuriTrento_BE/models/segnalazione.ts": {"path":"/Users/jacopoconsolaro/Desktop/Progetto_ISW/Ingegneria_del_software_gruppo_8/SecuriTrento_BE/models/segnalazione.ts","statementMap":{"0":{"start":{"line":3,"column":27},"end":{"line":39,"column":2}},"1":{"start":{"line":41,"column":26},"end":{"line":41,"column":92}}},"fnMap":{},"branchMap":{},"s":{"0":1,"1":1},"f":{},"b":{},"_coverageSchema":"1a1c01bbd47fc00a2c39e90264f33305004495a9","hash":"d6261332ee065b51a7af8409ffff96dc6595915b"}
,"/Users/jacopoconsolaro/Desktop/Progetto_ISW/Ingegneria_del_software_gruppo_8/SecuriTrento_BE/models/utenteComunale.ts": {"path":"/Users/jacopoconsolaro/Desktop/Progetto_ISW/Ingegneria_del_software_gruppo_8/SecuriTrento_BE/models/utenteComunale.ts","statementMap":{"0":{"start":{"line":4,"column":29},"end":{"line":5,"column":2}},"1":{"start":{"line":7,"column":28},"end":{"line":10,"column":1}}},"fnMap":{},"branchMap":{},"s":{"0":1,"1":1},"f":{},"b":{},"_coverageSchema":"1a1c01bbd47fc00a2c39e90264f33305004495a9","hash":"19850a84bd40445d4493867639e91a7b12863704"}
,"/Users/jacopoconsolaro/Desktop/Progetto_ISW/Ingegneria_del_software_gruppo_8/SecuriTrento_BE/models/utenteFDO.ts": {"path":"/Users/jacopoconsolaro/Desktop/Progetto_ISW/Ingegneria_del_software_gruppo_8/SecuriTrento_BE/models/utenteFDO.ts","statementMap":{"0":{"start":{"line":4,"column":24},"end":{"line":55,"column":2}},"1":{"start":{"line":26,"column":20},"end":{"line":26,"column":90}},"2":{"start":{"line":26,"column":42},"end":{"line":26,"column":88}},"3":{"start":{"line":57,"column":23},"end":{"line":60,"column":1}}},"fnMap":{"0":{"name":"(anonymous_0)","decl":{"start":{"line":25,"column":27},"end":{"line":25,"column":28}},"loc":{"start":{"line":25,"column":40},"end":{"line":27,"column":17}},"line":25},"1":{"name":"(anonymous_1)","decl":{"start":{"line":26,"column":35},"end":{"line":26,"column":36}},"loc":{"start":{"line":26,"column":42},"end":{"line":26,"column":88}},"line":26}},"branchMap":{"0":{"loc":{"start":{"line":26,"column":42},"end":{"line":26,"column":88}},"type":"binary-expr","locations":[{"start":{"line":26,"column":42},"end":{"line":26,"column":63}},{"start":{"line":26,"column":67},"end":{"line":26,"column":75}},{"start":{"line":26,"column":79},"end":{"line":26,"column":88}}],"line":26}},"s":{"0":1,"1":0,"2":0,"3":1},"f":{"0":0,"1":0},"b":{"0":[0,0,0]},"_coverageSchema":"1a1c01bbd47fc00a2c39e90264f33305004495a9","hash":"3bc56c6ce8235c1a7c33a7aca7b787443e9df65c"}
,"/Users/jacopoconsolaro/Desktop/Progetto_ISW/Ingegneria_del_software_gruppo_8/SecuriTrento_BE/models/utenteRegistrato.ts": {"path":"/Users/jacopoconsolaro/Desktop/Progetto_ISW/Ingegneria_del_software_gruppo_8/SecuriTrento_BE/models/utenteRegistrato.ts","statementMap":{"0":{"start":{"line":3,"column":22},"end":{"line":6,"column":1}},"1":{"start":{"line":8,"column":31},"end":{"line":34,"column":18}},"2":{"start":{"line":36,"column":0},"end":{"line":41,"column":3}},"3":{"start":{"line":38,"column":8},"end":{"line":38,"column":28}},"4":{"start":{"line":39,"column":8},"end":{"line":39,"column":19}},"5":{"start":{"line":43,"column":30},"end":{"line":43,"column":88}}},"fnMap":{"0":{"name":"(anonymous_0)","decl":{"start":{"line":37,"column":15},"end":{"line":37,"column":16}},"loc":{"start":{"line":37,"column":35},"end":{"line":40,"column":5}},"line":37}},"branchMap":{},"s":{"0":1,"1":1,"2":1,"3":0,"4":0,"5":1},"f":{"0":0},"b":{},"_coverageSchema":"1a1c01bbd47fc00a2c39e90264f33305004495a9","hash":"621381f809a361f7659be594bda1c08a35d218be"}
,"/Users/jacopoconsolaro/Desktop/Progetto_ISW/Ingegneria_del_software_gruppo_8/SecuriTrento_BE/routes/routerAutenticazione.ts": {"path":"/Users/jacopoconsolaro/Desktop/Progetto_ISW/Ingegneria_del_software_gruppo_8/SecuriTrento_BE/routes/routerAutenticazione.ts","statementMap":{"0":{"start":{"line":5,"column":15},"end":{"line":5,"column":31}},"1":{"start":{"line":51,"column":0},"end":{"line":51,"column":33}}},"fnMap":{},"branchMap":{},"s":{"0":1,"1":1},"f":{},"b":{},"_coverageSchema":"1a1c01bbd47fc00a2c39e90264f33305004495a9","hash":"e6b17800e9b3dee71d30da620064927c0b2e73d1"}
,"/Users/jacopoconsolaro/Desktop/Progetto_ISW/Ingegneria_del_software_gruppo_8/SecuriTrento_BE/routes/routerNotifiche.ts": {"path":"/Users/jacopoconsolaro/Desktop/Progetto_ISW/Ingegneria_del_software_gruppo_8/SecuriTrento_BE/routes/routerNotifiche.ts","statementMap":{"0":{"start":{"line":5,"column":15},"end":{"line":5,"column":31}},"1":{"start":{"line":278,"column":0},"end":{"line":278,"column":113}},"2":{"start":{"line":493,"column":0},"end":{"line":493,"column":112}}},"fnMap":{},"branchMap":{},"s":{"0":1,"1":1,"2":1},"f":{},"b":{},"_coverageSchema":"1a1c01bbd47fc00a2c39e90264f33305004495a9","hash":"0985b829681bf0b4bf0cb20b85740ee286b65f19"}
,"/Users/jacopoconsolaro/Desktop/Progetto_ISW/Ingegneria_del_software_gruppo_8/SecuriTrento_BE/routes/routerRichiestaAllocazione.ts": {"path":"/Users/jacopoconsolaro/Desktop/Progetto_ISW/Ingegneria_del_software_gruppo_8/SecuriTrento_BE/routes/routerRichiestaAllocazione.ts","statementMap":{"0":{"start":{"line":10,"column":15},"end":{"line":10,"column":31}},"1":{"start":{"line":168,"column":0},"end":{"line":168,"column":44}},"2":{"start":{"line":208,"column":0},"end":{"line":208,"column":48}},"3":{"start":{"line":250,"column":0},"end":{"line":250,"column":45}},"4":{"start":{"line":291,"column":0},"end":{"line":291,"column":47}},"5":{"start":{"line":330,"column":0},"end":{"line":330,"column":50}}},"fnMap":{},"branchMap":{},"s":{"0":1,"1":1,"2":1,"3":1,"4":1,"5":1},"f":{},"b":{},"_coverageSchema":"1a1c01bbd47fc00a2c39e90264f33305004495a9","hash":"cea0660b5c8ad8d8af3a50fa9ff364c7554ea5de"}
,"/Users/jacopoconsolaro/Desktop/Progetto_ISW/Ingegneria_del_software_gruppo_8/SecuriTrento_BE/routes/routerSegnalazione.ts": {"path":"/Users/jacopoconsolaro/Desktop/Progetto_ISW/Ingegneria_del_software_gruppo_8/SecuriTrento_BE/routes/routerSegnalazione.ts","statementMap":{"0":{"start":{"line":14,"column":15},"end":{"line":14,"column":31}},"1":{"start":{"line":274,"column":0},"end":{"line":274,"column":36}},"2":{"start":{"line":316,"column":0},"end":{"line":316,"column":52}},"3":{"start":{"line":343,"column":0},"end":{"line":343,"column":54}},"4":{"start":{"line":377,"column":0},"end":{"line":377,"column":40}},"5":{"start":{"line":437,"column":0},"end":{"line":437,"column":37}},"6":{"start":{"line":489,"column":0},"end":{"line":489,"column":39}},"7":{"start":{"line":523,"column":0},"end":{"line":523,"column":42}}},"fnMap":{},"branchMap":{},"s":{"0":1,"1":1,"2":1,"3":1,"4":1,"5":1,"6":1,"7":1},"f":{},"b":{},"_coverageSchema":"1a1c01bbd47fc00a2c39e90264f33305004495a9","hash":"758ad2c95f2b8a28f53c3af960bd83ab131e6eee"}
,"/Users/jacopoconsolaro/Desktop/Progetto_ISW/Ingegneria_del_software_gruppo_8/SecuriTrento_BE/routes/routerUtenti.ts": {"path":"/Users/jacopoconsolaro/Desktop/Progetto_ISW/Ingegneria_del_software_gruppo_8/SecuriTrento_BE/routes/routerUtenti.ts","statementMap":{"0":{"start":{"line":12,"column":15},"end":{"line":12,"column":31}},"1":{"start":{"line":46,"column":0},"end":{"line":46,"column":44}},"2":{"start":{"line":93,"column":0},"end":{"line":93,"column":52}},"3":{"start":{"line":135,"column":0},"end":{"line":135,"column":51}},"4":{"start":{"line":182,"column":0},"end":{"line":182,"column":45}},"5":{"start":{"line":222,"column":0},"end":{"line":222,"column":50}},"6":{"start":{"line":343,"column":0},"end":{"line":343,"column":47}}},"fnMap":{},"branchMap":{},"s":{"0":1,"1":1,"2":1,"3":1,"4":1,"5":1,"6":1},"f":{},"b":{},"_coverageSchema":"1a1c01bbd47fc00a2c39e90264f33305004495a9","hash":"1230e3f405d1afd92d812a2d116c66f25cc75902"}
}
