TN:
SF:app.ts
FN:19,(anonymous_0)
FN:20,(anonymous_1)
FN:33,(anonymous_2)
FNF:3
FNH:1
FNDA:0,(anonymous_0)
FNDA:0,(anonymous_1)
FNDA:1,(anonymous_2)
DA:15,1
DA:16,1
DA:18,1
DA:19,0
DA:20,0
DA:22,1
DA:23,1
DA:24,1
DA:26,1
DA:27,1
DA:28,1
DA:29,1
DA:30,1
DA:31,1
DA:33,1
DA:34,1
DA:35,1
LF:17
LH:15
BRDA:16,0,0,1
BRDA:16,0,1,0
BRF:2
BRH:1
end_of_record
TN:
SF:config/swaggerConfig.ts
FNF:0
FNH:0
DA:3,1
DA:37,1
DA:45,1
LF:3
LH:3
BRF:0
BRH:0
end_of_record
TN:
SF:controllers/controllerAutenticazione.ts
FN:9,(anonymous_0)
FNF:1
FNH:0
FNDA:0,(anonymous_0)
DA:7,1
DA:9,1
DA:10,0
DA:12,0
DA:13,0
DA:14,0
DA:15,0
DA:18,0
DA:19,0
DA:22,0
DA:23,0
DA:24,0
DA:27,0
DA:33,0
DA:39,0
LF:15
LH:2
BRDA:14,0,0,0
BRDA:14,0,1,0
BRDA:18,1,0,0
BRDA:18,1,1,0
BRDA:23,2,0,0
BRDA:23,2,1,0
BRF:6
BRH:0
end_of_record
TN:
SF:controllers/controllerNotifiche.ts
FN:9,(anonymous_0)
FN:36,(anonymous_1)
FN:42,(anonymous_2)
FN:44,(anonymous_3)
FN:74,(anonymous_4)
FN:194,(anonymous_5)
FN:196,(anonymous_6)
FN:207,(anonymous_7)
FN:212,(anonymous_8)
FN:227,(anonymous_9)
FN:231,(anonymous_10)
FN:281,(anonymous_11)
FN:314,(anonymous_12)
FN:340,(anonymous_13)
FNF:14
FNH:0
FNDA:0,(anonymous_0)
FNDA:0,(anonymous_1)
FNDA:0,(anonymous_2)
FNDA:0,(anonymous_3)
FNDA:0,(anonymous_4)
FNDA:0,(anonymous_5)
FNDA:0,(anonymous_6)
FNDA:0,(anonymous_7)
FNDA:0,(anonymous_8)
FNDA:0,(anonymous_9)
FNDA:0,(anonymous_10)
FNDA:0,(anonymous_11)
FNDA:0,(anonymous_12)
FNDA:0,(anonymous_13)
DA:9,1
DA:10,0
DA:11,0
DA:14,0
DA:16,0
DA:31,0
DA:32,0
DA:36,0
DA:37,0
DA:42,0
DA:43,0
DA:44,0
DA:47,0
DA:48,0
DA:49,0
DA:56,0
DA:58,0
DA:61,0
DA:69,0
DA:70,0
DA:74,1
DA:75,0
DA:76,0
DA:77,0
DA:79,0
DA:80,0
DA:86,0
DA:87,0
DA:94,0
DA:95,0
DA:96,0
DA:104,0
DA:106,0
DA:107,0
DA:108,0
DA:115,0
DA:117,0
DA:118,0
DA:119,0
DA:120,0
DA:123,0
DA:124,0
DA:126,0
DA:132,0
DA:133,0
DA:134,0
DA:137,0
DA:138,0
DA:140,0
DA:143,0
DA:152,0
DA:154,0
DA:177,0
DA:185,0
DA:186,0
DA:194,1
DA:195,0
DA:196,0
DA:197,0
DA:200,0
DA:202,0
DA:206,0
DA:207,0
DA:208,0
DA:212,0
DA:213,0
DA:214,0
DA:216,0
DA:222,0
DA:225,0
DA:227,0
DA:231,1
DA:232,0
DA:233,0
DA:234,0
DA:235,0
DA:236,0
DA:240,0
DA:251,0
DA:252,0
DA:254,0
DA:259,0
DA:260,0
DA:266,0
DA:267,0
DA:269,0
DA:273,0
DA:276,0
DA:277,0
DA:281,1
DA:282,0
DA:284,0
DA:285,0
DA:286,0
DA:287,0
DA:288,0
DA:291,0
DA:295,0
DA:296,0
DA:297,0
DA:301,0
DA:307,0
DA:309,0
DA:310,0
DA:314,1
DA:315,0
DA:316,0
DA:318,0
DA:319,0
DA:325,0
DA:330,0
DA:331,0
DA:339,0
DA:341,0
DA:342,0
DA:343,0
DA:344,0
DA:350,0
DA:351,0
DA:352,0
DA:358,0
DA:368,0
DA:381,0
DA:389,0
LF:124
LH:6
BRDA:9,0,0,0
BRDA:31,1,0,0
BRDA:31,1,1,0
BRDA:77,2,0,0
BRDA:77,3,0,0
BRDA:79,4,0,0
BRDA:79,4,1,0
BRDA:86,5,0,0
BRDA:86,5,1,0
BRDA:95,6,0,0
BRDA:95,6,1,0
BRDA:95,7,0,0
BRDA:95,7,1,0
BRDA:95,7,2,0
BRDA:106,8,0,0
BRDA:106,8,1,0
BRDA:115,9,0,0
BRDA:115,9,1,0
BRDA:123,10,0,0
BRDA:123,10,1,0
BRDA:123,11,0,0
BRDA:123,11,1,0
BRDA:133,12,0,0
BRDA:133,12,1,0
BRDA:137,13,0,0
BRDA:137,13,1,0
BRDA:137,14,0,0
BRDA:137,14,1,0
BRDA:170,15,0,0
BRDA:170,15,1,0
BRDA:171,16,0,0
BRDA:171,16,1,0
BRDA:197,17,0,0
BRDA:197,17,1,0
BRDA:213,18,0,0
BRDA:213,18,1,0
BRDA:218,19,0,0
BRDA:218,19,1,0
BRDA:234,20,0,0
BRDA:234,20,1,0
BRDA:234,21,0,0
BRDA:234,21,1,0
BRDA:259,22,0,0
BRDA:259,22,1,0
BRDA:286,23,0,0
BRDA:286,23,1,0
BRDA:295,24,0,0
BRDA:295,24,1,0
BRDA:318,25,0,0
BRDA:318,25,1,0
BRDA:330,26,0,0
BRDA:330,26,1,0
BRDA:343,27,0,0
BRDA:343,27,1,0
BRDA:351,28,0,0
BRDA:351,28,1,0
BRF:56
BRH:0
end_of_record
TN:
SF:controllers/controllerRichiestaAllocazione.ts
FN:9,(anonymous_0)
FN:39,(anonymous_1)
FN:74,(anonymous_2)
FN:148,(anonymous_3)
FN:199,(anonymous_4)
FNF:5
FNH:0
FNDA:0,(anonymous_0)
FNDA:0,(anonymous_1)
FNDA:0,(anonymous_2)
FNDA:0,(anonymous_3)
FNDA:0,(anonymous_4)
DA:9,1
DA:10,0
DA:11,0
DA:12,0
DA:18,0
DA:19,0
DA:20,0
DA:28,0
DA:39,1
DA:40,0
DA:42,0
DA:43,0
DA:49,0
DA:50,0
DA:51,0
DA:52,0
DA:57,0
DA:63,0
DA:74,1
DA:77,0
DA:78,0
DA:79,0
DA:80,0
DA:86,0
DA:88,0
DA:89,0
DA:90,0
DA:91,0
DA:98,0
DA:99,0
DA:100,0
DA:101,0
DA:109,0
DA:112,0
DA:118,0
DA:130,0
DA:131,0
DA:137,0
DA:148,1
DA:149,0
DA:150,0
DA:152,0
DA:153,0
DA:159,0
DA:161,0
DA:163,0
DA:169,0
DA:170,0
DA:176,0
DA:177,0
DA:179,0
DA:181,0
DA:188,0
DA:199,1
DA:200,0
DA:202,0
DA:203,0
DA:209,0
DA:210,0
DA:211,0
DA:212,0
DA:217,0
DA:223,0
LF:63
LH:5
BRDA:11,0,0,0
BRDA:11,0,1,0
BRDA:42,1,0,0
BRDA:42,1,1,0
BRDA:51,2,0,0
BRDA:51,2,1,0
BRDA:79,3,0,0
BRDA:79,3,1,0
BRDA:90,4,0,0
BRDA:90,4,1,0
BRDA:100,5,0,0
BRDA:100,5,1,0
BRDA:109,6,0,0
BRDA:109,6,1,0
BRDA:109,7,0,0
BRDA:109,7,1,0
BRDA:109,7,2,0
BRDA:152,8,0,0
BRDA:152,8,1,0
BRDA:169,9,0,0
BRDA:169,9,1,0
BRDA:202,10,0,0
BRDA:202,10,1,0
BRDA:202,11,0,0
BRDA:202,11,1,0
BRDA:211,12,0,0
BRDA:211,12,1,0
BRF:27
BRH:0
end_of_record
TN:
SF:controllers/controllerSegnalazione.ts
FN:10,(anonymous_0)
FN:28,(anonymous_1)
FN:29,(anonymous_2)
FN:32,(anonymous_3)
FN:40,(anonymous_4)
FN:194,(anonymous_5)
FN:223,(anonymous_6)
FN:284,(anonymous_7)
FN:316,(anonymous_8)
FN:367,(anonymous_9)
FN:370,(anonymous_10)
FN:387,(anonymous_11)
FN:446,(anonymous_12)
FNF:13
FNH:0
FNDA:0,(anonymous_0)
FNDA:0,(anonymous_1)
FNDA:0,(anonymous_2)
FNDA:0,(anonymous_3)
FNDA:0,(anonymous_4)
FNDA:0,(anonymous_5)
FNDA:0,(anonymous_6)
FNDA:0,(anonymous_7)
FNDA:0,(anonymous_8)
FNDA:0,(anonymous_9)
FNDA:0,(anonymous_10)
FNDA:0,(anonymous_11)
FNDA:0,(anonymous_12)
DA:10,1
DA:11,0
DA:12,0
DA:14,0
DA:15,0
DA:21,0
DA:22,0
DA:24,0
DA:25,0
DA:27,0
DA:28,0
DA:29,0
DA:31,0
DA:32,0
DA:33,0
DA:39,0
DA:40,0
DA:41,0
DA:45,0
DA:46,0
DA:47,0
DA:56,0
DA:57,0
DA:58,0
DA:59,0
DA:64,0
DA:71,0
DA:72,0
DA:80,0
DA:81,0
DA:82,0
DA:83,0
DA:88,0
DA:95,0
DA:96,0
DA:104,0
DA:105,0
DA:111,0
DA:112,0
DA:114,0
DA:115,0
DA:117,0
DA:120,0
DA:125,0
DA:126,0
DA:129,0
DA:134,0
DA:135,0
DA:136,0
DA:137,0
DA:139,0
DA:146,0
DA:147,0
DA:155,0
DA:160,0
DA:182,0
DA:183,0
DA:194,1
DA:195,0
DA:197,0
DA:198,0
DA:204,0
DA:205,0
DA:206,0
DA:212,0
DA:223,1
DA:224,0
DA:225,0
DA:226,0
DA:228,0
DA:233,0
DA:234,0
DA:240,0
DA:241,0
DA:247,0
DA:262,0
DA:264,0
DA:274,0
DA:275,0
DA:284,1
DA:285,0
DA:286,0
DA:288,0
DA:289,0
DA:295,0
DA:296,0
DA:297,0
DA:305,0
DA:316,1
DA:318,0
DA:319,0
DA:320,0
DA:322,0
DA:323,0
DA:329,0
DA:330,0
DA:331,0
DA:332,0
DA:339,0
DA:340,0
DA:341,0
DA:342,0
DA:349,0
DA:350,0
DA:356,0
DA:363,0
DA:366,0
DA:368,0
DA:371,0
DA:374,0
DA:376,0
DA:387,1
DA:389,0
DA:391,0
DA:392,0
DA:398,0
DA:399,0
DA:400,0
DA:402,0
DA:403,0
DA:404,0
DA:408,0
DA:409,0
DA:415,0
DA:421,0
DA:422,0
DA:428,0
DA:435,0
DA:446,1
DA:450,0
DA:451,0
DA:452,0
DA:453,0
DA:458,0
DA:464,0
LF:135
LH:7
BRDA:14,0,0,0
BRDA:14,0,1,0
BRDA:24,1,0,0
BRDA:24,1,1,0
BRDA:25,2,0,0
BRDA:25,2,1,0
BRDA:31,3,0,0
BRDA:31,3,1,0
BRDA:31,4,0,0
BRDA:31,4,1,0
BRDA:39,5,0,0
BRDA:39,5,1,0
BRDA:46,6,0,0
BRDA:46,6,1,0
BRDA:46,7,0,0
BRDA:46,7,1,0
BRDA:56,8,0,0
BRDA:56,8,1,0
BRDA:58,9,0,0
BRDA:58,9,1,0
BRDA:80,10,0,0
BRDA:80,10,1,0
BRDA:82,11,0,0
BRDA:82,11,1,0
BRDA:104,12,0,0
BRDA:104,12,1,0
BRDA:114,13,0,0
BRDA:114,13,1,0
BRDA:114,14,0,0
BRDA:114,14,1,0
BRDA:115,15,0,0
BRDA:115,15,1,0
BRDA:125,16,0,0
BRDA:125,16,1,0
BRDA:134,17,0,0
BRDA:134,17,1,0
BRDA:166,18,0,0
BRDA:166,18,1,0
BRDA:169,19,0,0
BRDA:169,19,1,0
BRDA:178,20,0,0
BRDA:178,20,1,0
BRDA:178,21,0,0
BRDA:178,21,1,0
BRDA:197,22,0,0
BRDA:197,22,1,0
BRDA:226,23,0,0
BRDA:233,24,0,0
BRDA:233,24,1,0
BRDA:240,25,0,0
BRDA:240,25,1,0
BRDA:240,26,0,0
BRDA:240,26,1,0
BRDA:288,27,0,0
BRDA:288,27,1,0
BRDA:288,28,0,0
BRDA:288,28,1,0
BRDA:322,29,0,0
BRDA:322,29,1,0
BRDA:322,30,0,0
BRDA:322,30,1,0
BRDA:331,31,0,0
BRDA:331,31,1,0
BRDA:341,32,0,0
BRDA:341,32,1,0
BRDA:349,33,0,0
BRDA:349,33,1,0
BRDA:358,34,0,0
BRDA:358,34,1,0
BRDA:391,35,0,0
BRDA:391,35,1,0
BRDA:391,36,0,0
BRDA:391,36,1,0
BRDA:403,37,0,0
BRDA:403,37,1,0
BRDA:408,38,0,0
BRDA:408,38,1,0
BRDA:421,39,0,0
BRDA:421,39,1,0
BRDA:452,40,0,0
BRDA:452,40,1,0
BRF:81
BRH:0
end_of_record
TN:
SF:controllers/controllerUtente.ts
FN:11,(anonymous_0)
FN:42,(anonymous_1)
FN:91,(anonymous_2)
FN:130,(anonymous_3)
FN:250,(anonymous_4)
FN:292,(anonymous_5)
FNF:6
FNH:0
FNDA:0,(anonymous_0)
FNDA:0,(anonymous_1)
FNDA:0,(anonymous_2)
FNDA:0,(anonymous_3)
FNDA:0,(anonymous_4)
FNDA:0,(anonymous_5)
DA:11,1
DA:13,0
DA:15,0
DA:16,0
DA:22,0
DA:23,0
DA:24,0
DA:31,0
DA:42,1
DA:44,0
DA:45,0
DA:46,0
DA:52,0
DA:53,0
DA:56,0
DA:58,0
DA:59,0
DA:61,0
DA:62,0
DA:64,0
DA:65,0
DA:67,0
DA:73,0
DA:80,0
DA:91,1
DA:93,0
DA:95,0
DA:96,0
DA:103,0
DA:104,0
DA:106,0
DA:107,0
DA:113,0
DA:119,0
DA:130,1
DA:131,0
DA:132,0
DA:143,0
DA:145,0
DA:146,0
DA:151,0
DA:152,0
DA:158,0
DA:159,0
DA:165,0
DA:166,0
DA:173,0
DA:174,0
DA:175,0
DA:181,0
DA:185,0
DA:188,0
DA:195,0
DA:206,0
DA:216,0
DA:220,0
DA:226,0
DA:229,0
DA:231,0
DA:238,0
DA:239,0
DA:250,1
DA:252,0
DA:254,0
DA:255,0
DA:262,0
DA:263,0
DA:267,0
DA:268,0
DA:273,0
DA:279,0
DA:292,1
DA:294,0
DA:296,0
DA:297,0
DA:303,0
DA:304,0
DA:305,0
DA:307,0
DA:308,0
DA:314,0
DA:315,0
DA:316,0
DA:322,0
DA:324,0
DA:325,0
DA:326,0
DA:332,0
DA:336,0
DA:337,0
DA:338,0
DA:339,0
DA:345,0
DA:346,0
DA:347,0
DA:354,0
DA:357,0
DA:358,0
DA:359,0
DA:365,0
DA:368,0
DA:369,0
DA:375,0
DA:381,0
DA:387,0
DA:388,0
DA:394,0
DA:400,0
DA:407,0
DA:408,0
LF:110
LH:6
BRDA:15,0,0,0
BRDA:15,0,1,0
BRDA:45,1,0,0
BRDA:45,1,1,0
BRDA:56,2,0,0
BRDA:56,2,1,0
BRDA:56,2,2,0
BRDA:56,2,3,0
BRDA:95,3,0,0
BRDA:95,3,1,0
BRDA:106,4,0,0
BRDA:106,4,1,0
BRDA:145,5,0,0
BRDA:145,5,1,0
BRDA:151,6,0,0
BRDA:151,6,1,0
BRDA:158,7,0,0
BRDA:158,7,1,0
BRDA:158,8,0,0
BRDA:158,8,1,0
BRDA:165,9,0,0
BRDA:165,9,1,0
BRDA:165,10,0,0
BRDA:165,10,1,0
BRDA:174,11,0,0
BRDA:174,11,1,0
BRDA:185,12,0,0
BRDA:185,12,1,0
BRDA:185,12,2,0
BRDA:185,12,3,0
BRDA:212,13,0,0
BRDA:212,13,1,0
BRDA:213,14,0,0
BRDA:213,14,1,0
BRDA:254,15,0,0
BRDA:254,15,1,0
BRDA:267,16,0,0
BRDA:267,16,1,0
BRDA:296,17,0,0
BRDA:296,17,1,0
BRDA:307,18,0,0
BRDA:307,18,1,0
BRDA:315,19,0,0
BRDA:315,19,1,0
BRDA:324,20,0,0
BRDA:324,20,1,0
BRDA:325,21,0,0
BRDA:325,21,1,0
BRDA:336,22,0,0
BRDA:336,22,1,0
BRDA:337,23,0,0
BRDA:337,23,1,0
BRDA:338,24,0,0
BRDA:338,24,1,0
BRDA:346,25,0,0
BRDA:346,25,1,0
BRDA:346,26,0,0
BRDA:346,26,1,0
BRDA:346,26,2,0
BRDA:357,27,0,0
BRDA:357,27,1,0
BRDA:358,28,0,0
BRDA:358,28,1,0
BRDA:358,29,0,0
BRDA:358,29,1,0
BRDA:368,30,0,0
BRDA:368,30,1,0
BRDA:387,31,0,0
BRDA:387,31,1,0
BRF:69
BRH:0
end_of_record
TN:
SF:middleware/middlewareTokenChecker.ts
FN:14,(anonymous_0)
FN:28,(anonymous_1)
FNF:2
FNH:0
FNDA:0,(anonymous_0)
FNDA:0,(anonymous_1)
DA:4,1
DA:14,1
DA:21,0
DA:23,0
DA:28,0
DA:29,0
DA:30,0
DA:32,0
DA:33,0
DA:34,0
DA:35,0
LF:11
LH:2
BRDA:23,0,0,0
BRDA:23,0,1,0
BRDA:29,1,0,0
BRDA:29,1,1,0
BRF:4
BRH:0
end_of_record
TN:
SF:models/notificaRichiestaAllocazione.ts
FNF:0
FNH:0
DA:5,1
LF:1
LH:1
BRF:0
BRH:0
end_of_record
TN:
SF:models/notificaSegnalazione.ts
FNF:0
FNH:0
DA:3,1
DA:28,1
LF:2
LH:2
BRF:0
BRH:0
end_of_record
TN:
SF:models/richiestaAllocazione.ts
FN:27,(anonymous_0)
FNF:1
FNH:0
FNDA:0,(anonymous_0)
DA:3,1
DA:28,0
DA:47,1
LF:3
LH:2
BRDA:28,0,0,0
BRDA:28,0,1,0
BRDA:28,0,2,0
BRF:3
BRH:0
end_of_record
TN:
SF:models/segnalazione.ts
FNF:0
FNH:0
DA:3,1
DA:41,1
LF:2
LH:2
BRF:0
BRH:0
end_of_record
TN:
SF:models/utenteComunale.ts
FNF:0
FNH:0
DA:4,1
DA:7,1
LF:2
LH:2
BRF:0
BRH:0
end_of_record
TN:
SF:models/utenteFDO.ts
FN:25,(anonymous_0)
FN:26,(anonymous_1)
FNF:2
FNH:0
FNDA:0,(anonymous_0)
FNDA:0,(anonymous_1)
DA:4,1
DA:26,0
DA:57,1
LF:3
LH:2
BRDA:26,0,0,0
BRDA:26,0,1,0
BRDA:26,0,2,0
BRF:3
BRH:0
end_of_record
TN:
SF:models/utenteRegistrato.ts
FN:37,(anonymous_0)
FNF:1
FNH:0
FNDA:0,(anonymous_0)
DA:3,1
DA:8,1
DA:36,1
DA:38,0
DA:39,0
DA:43,1
LF:6
LH:4
BRF:0
BRH:0
end_of_record
TN:
SF:routes/routerAutenticazione.ts
FNF:0
FNH:0
DA:5,1
DA:51,1
LF:2
LH:2
BRF:0
BRH:0
end_of_record
TN:
SF:routes/routerNotifiche.ts
FNF:0
FNH:0
DA:5,1
DA:278,1
DA:493,1
LF:3
LH:3
BRF:0
BRH:0
end_of_record
TN:
SF:routes/routerRichiestaAllocazione.ts
FNF:0
FNH:0
DA:10,1
DA:168,1
DA:208,1
DA:250,1
DA:291,1
DA:330,1
LF:6
LH:6
BRF:0
BRH:0
end_of_record
TN:
SF:routes/routerSegnalazione.ts
FNF:0
FNH:0
DA:14,1
DA:274,1
DA:316,1
DA:343,1
DA:377,1
DA:437,1
DA:489,1
DA:523,1
LF:8
LH:8
BRF:0
BRH:0
end_of_record
TN:
SF:routes/routerUtenti.ts
FNF:0
FNH:0
DA:12,1
DA:46,1
DA:93,1
DA:135,1
DA:182,1
DA:222,1
DA:343,1
LF:7
LH:7
BRF:0
BRH:0
end_of_record
